Log file open, 02/16/22 17:38:45
LogWindows: Failed to load 'aqProf.dll' (GetLastError=126)
LogWindows: File 'aqProf.dll' does not exist
LogWindows: Failed to load 'VtuneApi.dll' (GetLastError=126)
LogWindows: File 'VtuneApi.dll' does not exist
LogWindows: Failed to load 'VtuneApi32e.dll' (GetLastError=126)
LogWindows: File 'VtuneApi32e.dll' does not exist
LogConsoleResponse: Display: Failed to find resolution value strings in scalability ini. Falling back to default.
LogConsoleResponse: Display: Failed to find resolution value strings in scalability ini. Falling back to default.
LogInit: Display: Running engine for game: InfiniteMatrix
LogPlatformFile: Not using cached read wrapper
LogTaskGraph: Started task graph with 5 named threads and 35 total threads with 3 sets of task threads.
LogStats: Stats thread started at 0.205145
LogICUInternationalization: ICU TimeZone Detection - Raw Offset: -6:00, Platform Override: ''
LogInit: Display: Loading text-based GConfig....
LogPluginManager: Mounting plugin MeshPainting
LogPluginManager: Mounting plugin XGEController
LogPluginManager: Mounting plugin LiveLink
LogPluginManager: Mounting plugin Paper2D
LogPluginManager: Mounting plugin LightPropagationVolume
LogPluginManager: Mounting plugin AISupport
LogPluginManager: Mounting plugin EnvironmentQueryEditor
LogPluginManager: Mounting plugin GameplayCameras
LogPluginManager: Mounting plugin OodleNetwork
LogPluginManager: Mounting plugin OodleData
LogPluginManager: Mounting plugin CameraShakePreviewer
LogPluginManager: Mounting plugin AssetManagerEditor
LogPluginManager: Mounting plugin DataValidation
LogPluginManager: Mounting plugin CurveEditorTools
LogPluginManager: Mounting plugin FacialAnimation
LogPluginManager: Mounting plugin GeometryMode
LogPluginManager: Mounting plugin GameplayTagsEditor
LogPluginManager: Mounting plugin MacGraphicsSwitching
LogPluginManager: Mounting plugin MobileLauncherProfileWizard
LogPluginManager: Mounting plugin CryptoKeys
LogPluginManager: Mounting plugin MaterialAnalyzer
LogPluginManager: Mounting plugin SpeedTreeImporter
LogPluginManager: Mounting plugin PluginBrowser
LogPluginManager: Mounting plugin CLionSourceCodeAccess
LogPluginManager: Mounting plugin CodeLiteSourceCodeAccess
LogPluginManager: Mounting plugin AnimationSharing
LogPluginManager: Mounting plugin GitSourceControl
LogPluginManager: Mounting plugin NullSourceCodeAccess
LogPluginManager: Mounting plugin KDevelopSourceCodeAccess
LogPluginManager: Mounting plugin PlasticSourceControl
LogPluginManager: Mounting plugin PixWinPlugin
LogPluginManager: Mounting plugin RiderSourceCodeAccess
LogPluginManager: Mounting plugin PropertyAccessNode
LogPluginManager: Mounting plugin PluginUtils
LogPluginManager: Mounting plugin SubversionSourceControl
LogPluginManager: Mounting plugin TextureFormatOodle
LogPluginManager: Mounting plugin PerforceSourceControl
LogPluginManager: Mounting plugin VisualStudioSourceCodeAccess
LogPluginManager: Mounting plugin XCodeSourceCodeAccess
LogPluginManager: Mounting plugin UObjectPlugin
LogPluginManager: Mounting plugin Niagara
LogPluginManager: Mounting plugin VisualStudioCodeSourceCodeAccess
LogPluginManager: Mounting plugin AlembicImporter
LogPluginManager: Mounting plugin AutomationUtils
LogPluginManager: Mounting plugin BackChannel
LogPluginManager: Mounting plugin ChaosCloth
LogPluginManager: Mounting plugin ChaosClothEditor
LogPluginManager: Mounting plugin ChaosEditor
LogPluginManager: Mounting plugin ChaosNiagara
LogPluginManager: Mounting plugin ChaosSolverPlugin
LogPluginManager: Mounting plugin CharacterAI
LogPluginManager: Mounting plugin GeometryCache
LogPluginManager: Mounting plugin GeometryCollectionPlugin
LogPluginManager: Mounting plugin TcpMessaging
LogPluginManager: Mounting plugin AvfMedia
LogPluginManager: Mounting plugin UdpMessaging
LogPluginManager: Mounting plugin GeometryProcessing
LogPluginManager: Mounting plugin ImgMedia
LogPluginManager: Mounting plugin MediaCompositing
LogPluginManager: Mounting plugin MotoSynth
LogPluginManager: Mounting plugin OpenImageDenoise
LogPluginManager: Mounting plugin MediaPlayerEditor
LogPluginManager: Mounting plugin PlatformCrypto
LogPluginManager: Mounting plugin PlanarCut
LogPluginManager: Mounting plugin WmfMedia
LogPluginManager: Mounting plugin WebMMedia
LogPluginManager: Mounting plugin ProxyLODPlugin
LogPluginManager: Mounting plugin PythonScriptPlugin
LogPluginManager: Mounting plugin SkeletalReduction
LogPluginManager: Mounting plugin OnlineSubsystem
LogPluginManager: Mounting plugin OnlineSubsystemNull
LogPluginManager: Mounting plugin OnlineSubsystemUtils
LogPluginManager: Mounting plugin ActorSequence
LogPluginManager: Mounting plugin LauncherChunkInstaller
LogPluginManager: Mounting plugin LevelSequenceEditor
LogPluginManager: Mounting plugin MatineeToLevelSequence
LogPluginManager: Mounting plugin TemplateSequence
LogPluginManager: Mounting plugin ActorLayerUtilities
LogPluginManager: Mounting plugin AndroidDeviceProfileSelector
LogPluginManager: Mounting plugin AndroidPermission
LogPluginManager: Mounting plugin AndroidMoviePlayer
LogPluginManager: Mounting plugin AndroidMedia
LogPluginManager: Mounting plugin AppleImageUtils
LogPluginManager: Mounting plugin AppleMoviePlayer
LogPluginManager: Mounting plugin ArchVisCharacter
LogPluginManager: Mounting plugin AssetTags
LogPluginManager: Mounting plugin AudioCapture
LogPluginManager: Mounting plugin AudioSynesthesia
LogPluginManager: Mounting plugin CableComponent
LogPluginManager: Mounting plugin ChunkDownloader
LogPluginManager: Mounting plugin CustomMeshComponent
LogPluginManager: Mounting plugin ExampleDeviceProfileSelector
LogPluginManager: Mounting plugin GoogleCloudMessaging
LogPluginManager: Mounting plugin GooglePAD
LogPluginManager: Mounting plugin EditableMesh
LogPluginManager: Mounting plugin ScreenshotTools
LogPluginManager: Mounting plugin LinuxDeviceProfileSelector
LogPluginManager: Mounting plugin LocationServicesBPLibrary
LogPluginManager: Mounting plugin MobilePatchingUtils
LogPluginManager: Mounting plugin IOSDeviceProfileSelector
LogPluginManager: Mounting plugin OpenXR
LogPluginManager: Mounting plugin OpenXREyeTracker
LogPluginManager: Mounting plugin OpenXRHandTracking
LogPluginManager: Mounting plugin PhysXVehicles
LogPluginManager: Mounting plugin PostSplashScreen
LogPluginManager: Mounting plugin Takes
LogPluginManager: Mounting plugin ProceduralMeshComponent
LogPluginManager: Mounting plugin RuntimePhysXCooking
LogPluginManager: Mounting plugin SignificanceManager
LogPluginManager: Mounting plugin SoundFields
LogPluginManager: Mounting plugin Synthesis
LogPluginManager: Mounting plugin PropertyAccessEditor
LogPluginManager: Mounting plugin WebMMoviePlayer
LogPluginManager: Mounting plugin WindowsMoviePlayer
LogPluginManager: Mounting plugin DatasmithContent
LogPluginManager: Mounting plugin LuminPlatformFeatures
LogPluginManager: Mounting plugin VariantManagerContent
LogPluginManager: Mounting plugin MagicLeap
LogPluginManager: Mounting plugin MagicLeapMedia
LogPluginManager: Mounting plugin MagicLeapLightEstimation
LogPluginManager: Mounting plugin MagicLeapPassableWorld
LogPluginManager: Mounting plugin MLSDK
LogPluginManager: Mounting plugin ContentBrowserClassDataSource
LogPluginManager: Mounting plugin ContentBrowserAssetDataSource
LogPluginManager: Mounting plugin ContentBrowserFileDataSource
LogPluginManager: Mounting plugin OnlineSubsystemGooglePlay
LogPluginManager: Mounting plugin OnlineSubsystemIOS
LogPluginManager: Mounting plugin OculusVR
LogPluginManager: Mounting plugin SteamVR
PixWinPlugin: PIX capture plugin failed to initialize! Check that the process is launched from PIX.
LogInit: Using libcurl 7.55.1-DEV
LogInit:  - built for x86_64-pc-win32
LogInit:  - supports SSL with OpenSSL/1.1.1
LogInit:  - supports HTTP deflate (compression) using libz 1.2.8
LogInit:  - other features:
LogInit:      CURL_VERSION_SSL
LogInit:      CURL_VERSION_LIBZ
LogInit:      CURL_VERSION_IPV6
LogInit:      CURL_VERSION_ASYNCHDNS
LogInit:      CURL_VERSION_LARGEFILE
LogInit:      CURL_VERSION_IDN
LogInit:  CurlRequestOptions (configurable via config and command line):
LogInit:  - bVerifyPeer = true  - Libcurl will verify peer certificate
LogInit:  - bUseHttpProxy = false  - Libcurl will NOT use HTTP proxy
LogInit:  - bDontReuseConnections = false  - Libcurl will reuse connections
LogInit:  - MaxHostConnections = 16  - Libcurl will limit the number of connections to a host
LogInit:  - LocalHostAddr = Default
LogInit:  - BufferSize = 65536
LogOnline: OSS: Creating online subsystem instance for: NULL
LogInit: WinSock: version 1.1 (2.2), MaxSocks=32767, MaxUdp=65467
LogOnline: OSS: TryLoadSubsystemAndSetDefault: Loaded subsystem for module [NULL]
LogOculusPluginWrapper: OculusPlugin initialized successfully
LogHMD: Failed initializing OVRPlugin 1.59.0
LogInit: Build: ++UE4+Release-4.27-CL-18319896
LogInit: Engine Version: 4.27.2-18319896+++UE4+Release-4.27
LogInit: Compatible Engine Version: 4.27.0-17155196+++UE4+Release-4.27
LogInit: Net CL: 17155196
LogInit: OS: Windows 10 (Release 2009) (), CPU: AMD Ryzen 5 3600 6-Core Processor              , GPU: NVIDIA GeForce GTX 1070
LogInit: Compiled (64-bit): Nov 30 2021 07:12:08
LogInit: Compiled with Visual C++: 19.24.28315.00
LogInit: Build Configuration: Development
LogInit: Branch Name: ++UE4+Release-4.27
LogInit: Command Line:  -EpicPortal -epicusername=shayvana -epicuserid=67cf065112b34f18bd8dc61b7af7dce4 -epiclocale=en -epicsandboxid=ue
LogInit: Base Directory: C:/Epic Games/UE_4.27/Engine/Binaries/Win64/
LogInit: Allocator: TBB
LogInit: Installed Engine Build: 1
LogDevObjectVersion: Number of dev versions registered: 29
LogDevObjectVersion:   Dev-Blueprints (B0D832E4-1F89-4F0D-ACCF-7EB736FD4AA2): 10
LogDevObjectVersion:   Dev-Build (E1C64328-A22C-4D53-A36C-8E866417BD8C): 0
LogDevObjectVersion:   Dev-Core (375EC13C-06E4-48FB-B500-84F0262A717E): 4
LogDevObjectVersion:   Dev-Editor (E4B068ED-F494-42E9-A231-DA0B2E46BB41): 40
LogDevObjectVersion:   Dev-Framework (CFFC743F-43B0-4480-9391-14DF171D2073): 37
LogDevObjectVersion:   Dev-Mobile (B02B49B5-BB20-44E9-A304-32B752E40360): 3
LogDevObjectVersion:   Dev-Networking (A4E4105C-59A1-49B5-A7C5-40C4547EDFEE): 0
LogDevObjectVersion:   Dev-Online (39C831C9-5AE6-47DC-9A44-9C173E1C8E7C): 0
LogDevObjectVersion:   Dev-Physics (78F01B33-EBEA-4F98-B9B4-84EACCB95AA2): 14
LogDevObjectVersion:   Dev-Platform (6631380F-2D4D-43E0-8009-CF276956A95A): 0
LogDevObjectVersion:   Dev-Rendering (12F88B9F-8875-4AFC-A67C-D90C383ABD29): 45
LogDevObjectVersion:   Dev-Sequencer (7B5AE74C-D270-4C10-A958-57980B212A5A): 13
LogDevObjectVersion:   Dev-VR (D7296918-1DD6-4BDD-9DE2-64A83CC13884): 3
LogDevObjectVersion:   Dev-LoadTimes (C2A15278-BFE7-4AFE-6C17-90FF531DF755): 1
LogDevObjectVersion:   Private-Geometry (6EACA3D4-40EC-4CC1-B786-8BED09428FC5): 3
LogDevObjectVersion:   Dev-AnimPhys (29E575DD-E0A3-4627-9D10-D276232CDCEA): 17
LogDevObjectVersion:   Dev-Anim (AF43A65D-7FD3-4947-9873-3E8ED9C1BB05): 15
LogDevObjectVersion:   Dev-ReflectionCapture (6B266CEC-1EC7-4B8F-A30B-E4D90942FC07): 1
LogDevObjectVersion:   Dev-Automation (0DF73D61-A23F-47EA-B727-89E90C41499A): 1
LogDevObjectVersion:   FortniteMain (601D1886-AC64-4F84-AA16-D3DE0DEAC7D6): 47
LogDevObjectVersion:   FortniteRelease (E7086368-6B23-4C58-8439-1B7016265E91): 1
LogDevObjectVersion:   Dev-Enterprise (9DFFBCD6-494F-0158-E221-12823C92A888): 10
LogDevObjectVersion:   Dev-Niagara (F2AED0AC-9AFE-416F-8664-AA7FFA26D6FC): 1
LogDevObjectVersion:   Dev-Destruction (174F1F0B-B4C6-45A5-B13F-2EE8D0FB917D): 10
LogDevObjectVersion:   Dev-Physics-Ext (35F94A83-E258-406C-A318-09F59610247C): 41
LogDevObjectVersion:   Dev-PhysicsMaterial-Chaos (B68FC16E-8B1B-42E2-B453-215C058844FE): 1
LogDevObjectVersion:   Dev-CineCamera (B2E18506-4273-CFC2-A54E-F4BB758BBA07): 1
LogDevObjectVersion:   Dev-VirtualProduction (64F58936-FD1B-42BA-BA96-7289D5D0FA4E): 1
LogDevObjectVersion:   Dev-MediaFramework (6F0ED827-A609-4895-9C91-998D90180EA4): 2
LogInit: Presizing for max 25165824 objects, including 0 objects not considered by GC, pre-allocating 0 bytes for permanent pool.
LogConfig: Applying CVar settings from Section [/Script/Engine.StreamingSettings] File [C:/Users/shayp/Documents/Unreal Projects/mp1/Saved/Config/Windows/Engine.ini]
LogConfig: Setting CVar [[s.MinBulkDataSizeForAsyncLoading:131072]]
LogConfig: Setting CVar [[s.AsyncLoadingThreadEnabled:0]]
LogConfig: Setting CVar [[s.EventDrivenLoaderEnabled:1]]
LogConfig: Setting CVar [[s.WarnIfTimeLimitExceeded:0]]
LogConfig: Setting CVar [[s.TimeLimitExceededMultiplier:1.5]]
LogConfig: Setting CVar [[s.TimeLimitExceededMinTime:0.005]]
LogConfig: Setting CVar [[s.UseBackgroundLevelStreaming:1]]
LogConfig: Setting CVar [[s.PriorityAsyncLoadingExtraTime:15.0]]
LogConfig: Setting CVar [[s.LevelStreamingActorsUpdateTimeLimit:5.0]]
LogConfig: Setting CVar [[s.PriorityLevelStreamingActorsUpdateExtraTime:5.0]]
LogConfig: Setting CVar [[s.LevelStreamingComponentsRegistrationGranularity:10]]
LogConfig: Setting CVar [[s.UnregisterComponentsTimeLimit:1.0]]
LogConfig: Setting CVar [[s.LevelStreamingComponentsUnregistrationGranularity:5]]
LogConfig: Setting CVar [[s.FlushStreamingOnExit:1]]
LogInit: Object subsystem initialized
LogConfig: Setting CVar [[con.DebugEarlyDefault:1]]
LogConfig: Setting CVar [[r.setres:1280x720]]
[2022.02.16-23.38.46:018][  0]LogConfig: Setting CVar [[r.VSync:0]]
[2022.02.16-23.38.46:018][  0]LogConfig: Setting CVar [[r.RHICmdBypass:0]]
[2022.02.16-23.38.46:018][  0]LogConfig: Applying CVar settings from Section [/Script/Engine.RendererSettings] File [C:/Users/shayp/Documents/Unreal Projects/mp1/Saved/Config/Windows/Engine.ini]
[2022.02.16-23.38.46:018][  0]LogConfig: Setting CVar [[r.GPUCrashDebugging:0]]
[2022.02.16-23.38.46:018][  0]LogConfig: Applying CVar settings from Section [/Script/Engine.RendererOverrideSettings] File [C:/Users/shayp/Documents/Unreal Projects/mp1/Saved/Config/Windows/Engine.ini]
[2022.02.16-23.38.46:018][  0]LogConfig: Applying CVar settings from Section [/Script/Engine.StreamingSettings] File [C:/Users/shayp/Documents/Unreal Projects/mp1/Saved/Config/Windows/Engine.ini]
[2022.02.16-23.38.46:018][  0]LogConfig: Setting CVar [[s.MinBulkDataSizeForAsyncLoading:131072]]
[2022.02.16-23.38.46:018][  0]LogConfig: Setting CVar [[s.AsyncLoadingThreadEnabled:0]]
[2022.02.16-23.38.46:018][  0]LogConfig: Setting CVar [[s.EventDrivenLoaderEnabled:1]]
[2022.02.16-23.38.46:018][  0]LogConfig: Setting CVar [[s.WarnIfTimeLimitExceeded:0]]
[2022.02.16-23.38.46:018][  0]LogConfig: Setting CVar [[s.TimeLimitExceededMultiplier:1.5]]
[2022.02.16-23.38.46:018][  0]LogConfig: Setting CVar [[s.TimeLimitExceededMinTime:0.005]]
[2022.02.16-23.38.46:018][  0]LogConfig: Setting CVar [[s.UseBackgroundLevelStreaming:1]]
[2022.02.16-23.38.46:018][  0]LogConfig: Setting CVar [[s.PriorityAsyncLoadingExtraTime:15.0]]
[2022.02.16-23.38.46:018][  0]LogConfig: Setting CVar [[s.LevelStreamingActorsUpdateTimeLimit:5.0]]
[2022.02.16-23.38.46:019][  0]LogConfig: Setting CVar [[s.PriorityLevelStreamingActorsUpdateExtraTime:5.0]]
[2022.02.16-23.38.46:019][  0]LogConfig: Setting CVar [[s.LevelStreamingComponentsRegistrationGranularity:10]]
[2022.02.16-23.38.46:019][  0]LogConfig: Setting CVar [[s.UnregisterComponentsTimeLimit:1.0]]
[2022.02.16-23.38.46:019][  0]LogConfig: Setting CVar [[s.LevelStreamingComponentsUnregistrationGranularity:5]]
[2022.02.16-23.38.46:019][  0]LogConfig: Setting CVar [[s.FlushStreamingOnExit:1]]
[2022.02.16-23.38.46:019][  0]LogConfig: Applying CVar settings from Section [/Script/Engine.GarbageCollectionSettings] File [C:/Users/shayp/Documents/Unreal Projects/mp1/Saved/Config/Windows/Engine.ini]
[2022.02.16-23.38.46:019][  0]LogConfig: Setting CVar [[gc.MaxObjectsNotConsideredByGC:1]]
[2022.02.16-23.38.46:019][  0]LogConfig: Setting CVar [[gc.SizeOfPermanentObjectPool:0]]
[2022.02.16-23.38.46:019][  0]LogConfig: Setting CVar [[gc.FlushStreamingOnGC:0]]
[2022.02.16-23.38.46:019][  0]LogConfig: Setting CVar [[gc.NumRetriesBeforeForcingGC:10]]
[2022.02.16-23.38.46:019][  0]LogConfig: Setting CVar [[gc.AllowParallelGC:1]]
[2022.02.16-23.38.46:019][  0]LogConfig: Setting CVar [[gc.TimeBetweenPurgingPendingKillObjects:61.1]]
[2022.02.16-23.38.46:019][  0]LogConfig: Setting CVar [[gc.MaxObjectsInEditor:25165824]]
[2022.02.16-23.38.46:019][  0]LogConfig: Setting CVar [[gc.IncrementalBeginDestroyEnabled:1]]
[2022.02.16-23.38.46:019][  0]LogConfig: Setting CVar [[gc.CreateGCClusters:1]]
[2022.02.16-23.38.46:019][  0]LogConfig: Setting CVar [[gc.MinGCClusterSize:5]]
[2022.02.16-23.38.46:019][  0]LogConfig: Setting CVar [[gc.ActorClusteringEnabled:0]]
[2022.02.16-23.38.46:019][  0]LogConfig: Setting CVar [[gc.BlueprintClusteringEnabled:0]]
[2022.02.16-23.38.46:019][  0]LogConfig: Setting CVar [[gc.UseDisregardForGCOnDedicatedServers:0]]
[2022.02.16-23.38.46:019][  0]LogConfig: Setting CVar [[gc.MultithreadedDestructionEnabled:1]]
[2022.02.16-23.38.46:019][  0]LogConfig: Applying CVar settings from Section [/Script/Engine.NetworkSettings] File [C:/Users/shayp/Documents/Unreal Projects/mp1/Saved/Config/Windows/Engine.ini]
[2022.02.16-23.38.46:019][  0]LogConfig: Applying CVar settings from Section [/Script/UnrealEd.CookerSettings] File [C:/Users/shayp/Documents/Unreal Projects/mp1/Saved/Config/Windows/Engine.ini]
[2022.02.16-23.38.46:032][  0]LogConfig: Applying CVar settings from Section [ViewDistanceQuality@3] File [C:/Users/shayp/Documents/Unreal Projects/mp1/Saved/Config/Windows/Scalability.ini]
[2022.02.16-23.38.46:032][  0]LogConfig: Setting CVar [[r.SkeletalMeshLODBias:0]]
[2022.02.16-23.38.46:032][  0]LogConfig: Setting CVar [[r.ViewDistanceScale:1.0]]
[2022.02.16-23.38.46:032][  0]LogConfig: Applying CVar settings from Section [AntiAliasingQuality@3] File [C:/Users/shayp/Documents/Unreal Projects/mp1/Saved/Config/Windows/Scalability.ini]
[2022.02.16-23.38.46:032][  0]LogConfig: Setting CVar [[r.PostProcessAAQuality:4]]
[2022.02.16-23.38.46:032][  0]LogConfig: Applying CVar settings from Section [ShadowQuality@3] File [C:/Users/shayp/Documents/Unreal Projects/mp1/Saved/Config/Windows/Scalability.ini]
[2022.02.16-23.38.46:032][  0]LogConfig: Setting CVar [[r.LightFunctionQuality:1]]
[2022.02.16-23.38.46:032][  0]LogConfig: Setting CVar [[r.ShadowQuality:5]]
[2022.02.16-23.38.46:032][  0]LogConfig: Setting CVar [[r.Shadow.CSM.MaxCascades:10]]
[2022.02.16-23.38.46:032][  0]LogConfig: Setting CVar [[r.Shadow.MaxResolution:2048]]
[2022.02.16-23.38.46:032][  0]LogConfig: Setting CVar [[r.Shadow.MaxCSMResolution:2048]]
[2022.02.16-23.38.46:032][  0]LogConfig: Setting CVar [[r.Shadow.RadiusThreshold:0.01]]
[2022.02.16-23.38.46:032][  0]LogConfig: Setting CVar [[r.Shadow.DistanceScale:1.0]]
[2022.02.16-23.38.46:032][  0]LogConfig: Setting CVar [[r.Shadow.CSM.TransitionScale:1.0]]
[2022.02.16-23.38.46:032][  0]LogConfig: Setting CVar [[r.Shadow.PreShadowResolutionFactor:1.0]]
[2022.02.16-23.38.46:032][  0]LogConfig: Setting CVar [[r.DistanceFieldShadowing:1]]
[2022.02.16-23.38.46:032][  0]LogConfig: Setting CVar [[r.DistanceFieldAO:1]]
[2022.02.16-23.38.46:032][  0]LogConfig: Setting CVar [[r.AOQuality:2]]
[2022.02.16-23.38.46:032][  0]LogConfig: Setting CVar [[r.VolumetricFog:1]]
[2022.02.16-23.38.46:032][  0]LogConfig: Setting CVar [[r.VolumetricFog.GridPixelSize:8]]
[2022.02.16-23.38.46:033][  0]LogConfig: Setting CVar [[r.VolumetricFog.GridSizeZ:128]]
[2022.02.16-23.38.46:033][  0]LogConfig: Setting CVar [[r.VolumetricFog.HistoryMissSupersampleCount:4]]
[2022.02.16-23.38.46:033][  0]LogConfig: Setting CVar [[r.LightMaxDrawDistanceScale:1]]
[2022.02.16-23.38.46:033][  0]LogConfig: Setting CVar [[r.CapsuleShadows:1]]
[2022.02.16-23.38.46:033][  0]LogConfig: Applying CVar settings from Section [PostProcessQuality@3] File [C:/Users/shayp/Documents/Unreal Projects/mp1/Saved/Config/Windows/Scalability.ini]
[2022.02.16-23.38.46:033][  0]LogConfig: Setting CVar [[r.MotionBlurQuality:4]]
[2022.02.16-23.38.46:033][  0]LogConfig: Setting CVar [[r.AmbientOcclusionMipLevelFactor:0.4]]
[2022.02.16-23.38.46:033][  0]LogConfig: Setting CVar [[r.AmbientOcclusionMaxQuality:100]]
[2022.02.16-23.38.46:033][  0]LogConfig: Setting CVar [[r.AmbientOcclusionLevels:-1]]
[2022.02.16-23.38.46:033][  0]LogConfig: Setting CVar [[r.AmbientOcclusionRadiusScale:1.0]]
[2022.02.16-23.38.46:033][  0]LogConfig: Setting CVar [[r.DepthOfFieldQuality:2]]
[2022.02.16-23.38.46:033][  0]LogConfig: Setting CVar [[r.RenderTargetPoolMin:400]]
[2022.02.16-23.38.46:033][  0]LogConfig: Setting CVar [[r.LensFlareQuality:2]]
[2022.02.16-23.38.46:033][  0]LogConfig: Setting CVar [[r.SceneColorFringeQuality:1]]
[2022.02.16-23.38.46:033][  0]LogConfig: Setting CVar [[r.EyeAdaptationQuality:2]]
[2022.02.16-23.38.46:033][  0]LogConfig: Setting CVar [[r.BloomQuality:5]]
[2022.02.16-23.38.46:033][  0]LogConfig: Setting CVar [[r.FastBlurThreshold:100]]
[2022.02.16-23.38.46:033][  0]LogConfig: Setting CVar [[r.Upscale.Quality:3]]
[2022.02.16-23.38.46:033][  0]LogConfig: Setting CVar [[r.Tonemapper.GrainQuantization:1]]
[2022.02.16-23.38.46:033][  0]LogConfig: Setting CVar [[r.LightShaftQuality:1]]
[2022.02.16-23.38.46:033][  0]LogConfig: Setting CVar [[r.Filter.SizeScale:1]]
[2022.02.16-23.38.46:033][  0]LogConfig: Setting CVar [[r.Tonemapper.Quality:5]]
[2022.02.16-23.38.46:033][  0]LogConfig: Setting CVar [[r.DOF.Gather.AccumulatorQuality:1        ; higher gathering accumulator quality]]
[2022.02.16-23.38.46:033][  0]LogConfig: Setting CVar [[r.DOF.Gather.PostfilterMethod:1          ; Median3x3 postfilering method]]
[2022.02.16-23.38.46:033][  0]LogConfig: Setting CVar [[r.DOF.Gather.EnableBokehSettings:0       ; no bokeh simulation when gathering]]
[2022.02.16-23.38.46:033][  0]LogConfig: Setting CVar [[r.DOF.Gather.RingCount:4                 ; medium number of samples when gathering]]
[2022.02.16-23.38.46:033][  0]LogConfig: Setting CVar [[r.DOF.Scatter.ForegroundCompositing:1    ; additive foreground scattering]]
[2022.02.16-23.38.46:033][  0]LogConfig: Setting CVar [[r.DOF.Scatter.BackgroundCompositing:2    ; additive background scattering]]
[2022.02.16-23.38.46:033][  0]LogConfig: Setting CVar [[r.DOF.Scatter.EnableBokehSettings:1      ; bokeh simulation when scattering]]
[2022.02.16-23.38.46:033][  0]LogConfig: Setting CVar [[r.DOF.Scatter.MaxSpriteRatio:0.1         ; only a maximum of 10% of scattered bokeh]]
[2022.02.16-23.38.46:033][  0]LogConfig: Setting CVar [[r.DOF.Recombine.Quality:1                ; cheap slight out of focus]]
[2022.02.16-23.38.46:033][  0]LogConfig: Setting CVar [[r.DOF.Recombine.EnableBokehSettings:0    ; no bokeh simulation on slight out of focus]]
[2022.02.16-23.38.46:033][  0]LogConfig: Setting CVar [[r.DOF.TemporalAAQuality:1                ; more stable temporal accumulation]]
[2022.02.16-23.38.46:033][  0]LogConfig: Setting CVar [[r.DOF.Kernel.MaxForegroundRadius:0.025]]
[2022.02.16-23.38.46:033][  0]LogConfig: Setting CVar [[r.DOF.Kernel.MaxBackgroundRadius:0.025]]
[2022.02.16-23.38.46:033][  0]LogConfig: Applying CVar settings from Section [TextureQuality@3] File [C:/Users/shayp/Documents/Unreal Projects/mp1/Saved/Config/Windows/Scalability.ini]
[2022.02.16-23.38.46:033][  0]LogConfig: Setting CVar [[r.Streaming.MipBias:0]]
[2022.02.16-23.38.46:033][  0]LogConfig: Setting CVar [[r.Streaming.AmortizeCPUToGPUCopy:0]]
[2022.02.16-23.38.46:033][  0]LogConfig: Setting CVar [[r.Streaming.MaxNumTexturesToStreamPerFrame:0]]
[2022.02.16-23.38.46:033][  0]LogConfig: Setting CVar [[r.Streaming.Boost:1]]
[2022.02.16-23.38.46:033][  0]LogConfig: Setting CVar [[r.MaxAnisotropy:8]]
[2022.02.16-23.38.46:033][  0]LogConfig: Setting CVar [[r.VT.MaxAnisotropy:8]]
[2022.02.16-23.38.46:033][  0]LogConfig: Setting CVar [[r.Streaming.LimitPoolSizeToVRAM:0]]
[2022.02.16-23.38.46:033][  0]LogConfig: Setting CVar [[r.Streaming.PoolSize:1000]]
[2022.02.16-23.38.46:033][  0]LogConfig: Setting CVar [[r.Streaming.MaxEffectiveScreenSize:0]]
[2022.02.16-23.38.46:033][  0]LogConfig: Applying CVar settings from Section [EffectsQuality@3] File [C:/Users/shayp/Documents/Unreal Projects/mp1/Saved/Config/Windows/Scalability.ini]
[2022.02.16-23.38.46:033][  0]LogConfig: Setting CVar [[r.TranslucencyLightingVolumeDim:64]]
[2022.02.16-23.38.46:033][  0]LogConfig: Setting CVar [[r.RefractionQuality:2]]
[2022.02.16-23.38.46:033][  0]LogConfig: Setting CVar [[r.SSR.Quality:3]]
[2022.02.16-23.38.46:033][  0]LogConfig: Setting CVar [[r.SSR.HalfResSceneColor:0]]
[2022.02.16-23.38.46:033][  0]LogConfig: Setting CVar [[r.SceneColorFormat:4]]
[2022.02.16-23.38.46:033][  0]LogConfig: Setting CVar [[r.DetailMode:2]]
[2022.02.16-23.38.46:033][  0]LogConfig: Setting CVar [[r.TranslucencyVolumeBlur:1]]
[2022.02.16-23.38.46:033][  0]LogConfig: Setting CVar [[r.MaterialQualityLevel:1 ; High quality]]
[2022.02.16-23.38.46:033][  0]LogConfig: Setting CVar [[r.AnisotropicMaterials:1]]
[2022.02.16-23.38.46:033][  0]LogConfig: Setting CVar [[r.SSS.Scale:1]]
[2022.02.16-23.38.46:033][  0]LogConfig: Setting CVar [[r.SSS.SampleSet:2]]
[2022.02.16-23.38.46:033][  0]LogConfig: Setting CVar [[r.SSS.Quality:1]]
[2022.02.16-23.38.46:033][  0]LogConfig: Setting CVar [[r.SSS.HalfRes:0]]
[2022.02.16-23.38.46:033][  0]LogConfig: Setting CVar [[r.SSGI.Quality:3]]
[2022.02.16-23.38.46:033][  0]LogConfig: Setting CVar [[r.EmitterSpawnRateScale:1.0]]
[2022.02.16-23.38.46:033][  0]LogConfig: Setting CVar [[r.ParticleLightQuality:2]]
[2022.02.16-23.38.46:033][  0]LogConfig: Setting CVar [[r.SkyAtmosphere.AerialPerspectiveLUT.FastApplyOnOpaque:1 ; Always have FastSkyLUT 1 in this case to avoid wrong sky]]
[2022.02.16-23.38.46:033][  0]LogConfig: Setting CVar [[r.SkyAtmosphere.AerialPerspectiveLUT.SampleCountMaxPerSlice:4]]
[2022.02.16-23.38.46:033][  0]LogConfig: Setting CVar [[r.SkyAtmosphere.AerialPerspectiveLUT.DepthResolution:16.0]]
[2022.02.16-23.38.46:033][  0]LogConfig: Setting CVar [[r.SkyAtmosphere.FastSkyLUT:1]]
[2022.02.16-23.38.46:033][  0]LogConfig: Setting CVar [[r.SkyAtmosphere.FastSkyLUT.SampleCountMin:4.0]]
[2022.02.16-23.38.46:033][  0]LogConfig: Setting CVar [[r.SkyAtmosphere.FastSkyLUT.SampleCountMax:128.0]]
[2022.02.16-23.38.46:033][  0]LogConfig: Setting CVar [[r.SkyAtmosphere.SampleCountMin:4.0]]
[2022.02.16-23.38.46:033][  0]LogConfig: Setting CVar [[r.SkyAtmosphere.SampleCountMax:128.0]]
[2022.02.16-23.38.46:033][  0]LogConfig: Setting CVar [[r.SkyAtmosphere.TransmittanceLUT.UseSmallFormat:0]]
[2022.02.16-23.38.46:033][  0]LogConfig: Setting CVar [[r.SkyAtmosphere.TransmittanceLUT.SampleCount:10.0]]
[2022.02.16-23.38.46:033][  0]LogConfig: Setting CVar [[r.SkyAtmosphere.MultiScatteringLUT.SampleCount:15.0]]
[2022.02.16-23.38.46:033][  0]LogConfig: Setting CVar [[r.SkyLight.RealTimeReflectionCapture:1]]
[2022.02.16-23.38.46:033][  0]LogConfig: Applying CVar settings from Section [FoliageQuality@3] File [C:/Users/shayp/Documents/Unreal Projects/mp1/Saved/Config/Windows/Scalability.ini]
[2022.02.16-23.38.46:033][  0]LogConfig: Setting CVar [[foliage.DensityScale:1.0]]
[2022.02.16-23.38.46:034][  0]LogConfig: Setting CVar [[grass.DensityScale:1.0]]
[2022.02.16-23.38.46:034][  0]LogConfig: Applying CVar settings from Section [ShadingQuality@3] File [C:/Users/shayp/Documents/Unreal Projects/mp1/Saved/Config/Windows/Scalability.ini]
[2022.02.16-23.38.46:034][  0]LogConfig: Setting CVar [[r.HairStrands.SkyLighting.IntegrationType:2]]
[2022.02.16-23.38.46:034][  0]LogConfig: Setting CVar [[r.HairStrands.SkyAO.SampleCount:4]]
[2022.02.16-23.38.46:034][  0]LogConfig: Setting CVar [[r.HairStrands.Visibility.MSAA.SamplePerPixel:4]]
[2022.02.16-23.38.46:034][  0]LogInit: Selected Device Profile: [Windows]
[2022.02.16-23.38.46:034][  0]LogInit: Applying CVar settings loaded from the selected device profile: [Windows]
[2022.02.16-23.38.46:034][  0]LogHAL: Display: Platform has ~ 16 GB [17104031744 / 17179869184 / 16], which maps to Larger [LargestMinGB=32, LargerMinGB=12, DefaultMinGB=8, SmallerMinGB=6, SmallestMinGB=0)
[2022.02.16-23.38.46:034][  0]LogInit: Going up to parent DeviceProfile []
[2022.02.16-23.38.46:034][  0]LogConfig: Applying CVar settings from Section [ViewDistanceQuality@3] File [C:/Users/shayp/Documents/Unreal Projects/mp1/Saved/Config/Windows/Scalability.ini]
[2022.02.16-23.38.46:034][  0]LogConfig: Setting CVar [[r.SkeletalMeshLODBias:0]]
[2022.02.16-23.38.46:034][  0]LogConfig: Setting CVar [[r.ViewDistanceScale:1.0]]
[2022.02.16-23.38.46:034][  0]LogConfig: Applying CVar settings from Section [AntiAliasingQuality@3] File [C:/Users/shayp/Documents/Unreal Projects/mp1/Saved/Config/Windows/Scalability.ini]
[2022.02.16-23.38.46:034][  0]LogConfig: Setting CVar [[r.PostProcessAAQuality:4]]
[2022.02.16-23.38.46:034][  0]LogConfig: Applying CVar settings from Section [ShadowQuality@3] File [C:/Users/shayp/Documents/Unreal Projects/mp1/Saved/Config/Windows/Scalability.ini]
[2022.02.16-23.38.46:034][  0]LogConfig: Setting CVar [[r.LightFunctionQuality:1]]
[2022.02.16-23.38.46:034][  0]LogConfig: Setting CVar [[r.ShadowQuality:5]]
[2022.02.16-23.38.46:034][  0]LogConfig: Setting CVar [[r.Shadow.CSM.MaxCascades:10]]
[2022.02.16-23.38.46:034][  0]LogConfig: Setting CVar [[r.Shadow.MaxResolution:2048]]
[2022.02.16-23.38.46:034][  0]LogConfig: Setting CVar [[r.Shadow.MaxCSMResolution:2048]]
[2022.02.16-23.38.46:034][  0]LogConfig: Setting CVar [[r.Shadow.RadiusThreshold:0.01]]
[2022.02.16-23.38.46:034][  0]LogConfig: Setting CVar [[r.Shadow.DistanceScale:1.0]]
[2022.02.16-23.38.46:034][  0]LogConfig: Setting CVar [[r.Shadow.CSM.TransitionScale:1.0]]
[2022.02.16-23.38.46:034][  0]LogConfig: Setting CVar [[r.Shadow.PreShadowResolutionFactor:1.0]]
[2022.02.16-23.38.46:034][  0]LogConfig: Setting CVar [[r.DistanceFieldShadowing:1]]
[2022.02.16-23.38.46:034][  0]LogConfig: Setting CVar [[r.DistanceFieldAO:1]]
[2022.02.16-23.38.46:034][  0]LogConfig: Setting CVar [[r.AOQuality:2]]
[2022.02.16-23.38.46:034][  0]LogConfig: Setting CVar [[r.VolumetricFog:1]]
[2022.02.16-23.38.46:034][  0]LogConfig: Setting CVar [[r.VolumetricFog.GridPixelSize:8]]
[2022.02.16-23.38.46:034][  0]LogConfig: Setting CVar [[r.VolumetricFog.GridSizeZ:128]]
[2022.02.16-23.38.46:034][  0]LogConfig: Setting CVar [[r.VolumetricFog.HistoryMissSupersampleCount:4]]
[2022.02.16-23.38.46:034][  0]LogConfig: Setting CVar [[r.LightMaxDrawDistanceScale:1]]
[2022.02.16-23.38.46:034][  0]LogConfig: Setting CVar [[r.CapsuleShadows:1]]
[2022.02.16-23.38.46:034][  0]LogConfig: Applying CVar settings from Section [PostProcessQuality@3] File [C:/Users/shayp/Documents/Unreal Projects/mp1/Saved/Config/Windows/Scalability.ini]
[2022.02.16-23.38.46:034][  0]LogConfig: Setting CVar [[r.MotionBlurQuality:4]]
[2022.02.16-23.38.46:034][  0]LogConfig: Setting CVar [[r.AmbientOcclusionMipLevelFactor:0.4]]
[2022.02.16-23.38.46:034][  0]LogConfig: Setting CVar [[r.AmbientOcclusionMaxQuality:100]]
[2022.02.16-23.38.46:034][  0]LogConfig: Setting CVar [[r.AmbientOcclusionLevels:-1]]
[2022.02.16-23.38.46:034][  0]LogConfig: Setting CVar [[r.AmbientOcclusionRadiusScale:1.0]]
[2022.02.16-23.38.46:034][  0]LogConfig: Setting CVar [[r.DepthOfFieldQuality:2]]
[2022.02.16-23.38.46:034][  0]LogConfig: Setting CVar [[r.RenderTargetPoolMin:400]]
[2022.02.16-23.38.46:034][  0]LogConfig: Setting CVar [[r.LensFlareQuality:2]]
[2022.02.16-23.38.46:034][  0]LogConfig: Setting CVar [[r.SceneColorFringeQuality:1]]
[2022.02.16-23.38.46:034][  0]LogConfig: Setting CVar [[r.EyeAdaptationQuality:2]]
[2022.02.16-23.38.46:034][  0]LogConfig: Setting CVar [[r.BloomQuality:5]]
[2022.02.16-23.38.46:034][  0]LogConfig: Setting CVar [[r.FastBlurThreshold:100]]
[2022.02.16-23.38.46:034][  0]LogConfig: Setting CVar [[r.Upscale.Quality:3]]
[2022.02.16-23.38.46:034][  0]LogConfig: Setting CVar [[r.Tonemapper.GrainQuantization:1]]
[2022.02.16-23.38.46:034][  0]LogConfig: Setting CVar [[r.LightShaftQuality:1]]
[2022.02.16-23.38.46:034][  0]LogConfig: Setting CVar [[r.Filter.SizeScale:1]]
[2022.02.16-23.38.46:034][  0]LogConfig: Setting CVar [[r.Tonemapper.Quality:5]]
[2022.02.16-23.38.46:034][  0]LogConfig: Setting CVar [[r.DOF.Gather.AccumulatorQuality:1        ; higher gathering accumulator quality]]
[2022.02.16-23.38.46:034][  0]LogConfig: Setting CVar [[r.DOF.Gather.PostfilterMethod:1          ; Median3x3 postfilering method]]
[2022.02.16-23.38.46:034][  0]LogConfig: Setting CVar [[r.DOF.Gather.EnableBokehSettings:0       ; no bokeh simulation when gathering]]
[2022.02.16-23.38.46:034][  0]LogConfig: Setting CVar [[r.DOF.Gather.RingCount:4                 ; medium number of samples when gathering]]
[2022.02.16-23.38.46:034][  0]LogConfig: Setting CVar [[r.DOF.Scatter.ForegroundCompositing:1    ; additive foreground scattering]]
[2022.02.16-23.38.46:034][  0]LogConfig: Setting CVar [[r.DOF.Scatter.BackgroundCompositing:2    ; additive background scattering]]
[2022.02.16-23.38.46:034][  0]LogConfig: Setting CVar [[r.DOF.Scatter.EnableBokehSettings:1      ; bokeh simulation when scattering]]
[2022.02.16-23.38.46:034][  0]LogConfig: Setting CVar [[r.DOF.Scatter.MaxSpriteRatio:0.1         ; only a maximum of 10% of scattered bokeh]]
[2022.02.16-23.38.46:034][  0]LogConfig: Setting CVar [[r.DOF.Recombine.Quality:1                ; cheap slight out of focus]]
[2022.02.16-23.38.46:034][  0]LogConfig: Setting CVar [[r.DOF.Recombine.EnableBokehSettings:0    ; no bokeh simulation on slight out of focus]]
[2022.02.16-23.38.46:034][  0]LogConfig: Setting CVar [[r.DOF.TemporalAAQuality:1                ; more stable temporal accumulation]]
[2022.02.16-23.38.46:034][  0]LogConfig: Setting CVar [[r.DOF.Kernel.MaxForegroundRadius:0.025]]
[2022.02.16-23.38.46:034][  0]LogConfig: Setting CVar [[r.DOF.Kernel.MaxBackgroundRadius:0.025]]
[2022.02.16-23.38.46:034][  0]LogConfig: Applying CVar settings from Section [TextureQuality@3] File [C:/Users/shayp/Documents/Unreal Projects/mp1/Saved/Config/Windows/Scalability.ini]
[2022.02.16-23.38.46:035][  0]LogConfig: Setting CVar [[r.Streaming.MipBias:0]]
[2022.02.16-23.38.46:035][  0]LogConfig: Setting CVar [[r.Streaming.AmortizeCPUToGPUCopy:0]]
[2022.02.16-23.38.46:035][  0]LogConfig: Setting CVar [[r.Streaming.MaxNumTexturesToStreamPerFrame:0]]
[2022.02.16-23.38.46:035][  0]LogConfig: Setting CVar [[r.Streaming.Boost:1]]
[2022.02.16-23.38.46:035][  0]LogConfig: Setting CVar [[r.MaxAnisotropy:8]]
[2022.02.16-23.38.46:035][  0]LogConfig: Setting CVar [[r.VT.MaxAnisotropy:8]]
[2022.02.16-23.38.46:035][  0]LogConfig: Setting CVar [[r.Streaming.LimitPoolSizeToVRAM:0]]
[2022.02.16-23.38.46:035][  0]LogConfig: Setting CVar [[r.Streaming.PoolSize:1000]]
[2022.02.16-23.38.46:035][  0]LogConfig: Setting CVar [[r.Streaming.MaxEffectiveScreenSize:0]]
[2022.02.16-23.38.46:035][  0]LogConfig: Applying CVar settings from Section [EffectsQuality@3] File [C:/Users/shayp/Documents/Unreal Projects/mp1/Saved/Config/Windows/Scalability.ini]
[2022.02.16-23.38.46:035][  0]LogConfig: Setting CVar [[r.TranslucencyLightingVolumeDim:64]]
[2022.02.16-23.38.46:035][  0]LogConfig: Setting CVar [[r.RefractionQuality:2]]
[2022.02.16-23.38.46:035][  0]LogConfig: Setting CVar [[r.SSR.Quality:3]]
[2022.02.16-23.38.46:035][  0]LogConfig: Setting CVar [[r.SSR.HalfResSceneColor:0]]
[2022.02.16-23.38.46:035][  0]LogConfig: Setting CVar [[r.SceneColorFormat:4]]
[2022.02.16-23.38.46:035][  0]LogConfig: Setting CVar [[r.DetailMode:2]]
[2022.02.16-23.38.46:035][  0]LogConfig: Setting CVar [[r.TranslucencyVolumeBlur:1]]
[2022.02.16-23.38.46:035][  0]LogConfig: Setting CVar [[r.MaterialQualityLevel:1 ; High quality]]
[2022.02.16-23.38.46:035][  0]LogConfig: Setting CVar [[r.AnisotropicMaterials:1]]
[2022.02.16-23.38.46:035][  0]LogConfig: Setting CVar [[r.SSS.Scale:1]]
[2022.02.16-23.38.46:035][  0]LogConfig: Setting CVar [[r.SSS.SampleSet:2]]
[2022.02.16-23.38.46:035][  0]LogConfig: Setting CVar [[r.SSS.Quality:1]]
[2022.02.16-23.38.46:035][  0]LogConfig: Setting CVar [[r.SSS.HalfRes:0]]
[2022.02.16-23.38.46:035][  0]LogConfig: Setting CVar [[r.SSGI.Quality:3]]
[2022.02.16-23.38.46:035][  0]LogConfig: Setting CVar [[r.EmitterSpawnRateScale:1.0]]
[2022.02.16-23.38.46:035][  0]LogConfig: Setting CVar [[r.ParticleLightQuality:2]]
[2022.02.16-23.38.46:035][  0]LogConfig: Setting CVar [[r.SkyAtmosphere.AerialPerspectiveLUT.FastApplyOnOpaque:1 ; Always have FastSkyLUT 1 in this case to avoid wrong sky]]
[2022.02.16-23.38.46:035][  0]LogConfig: Setting CVar [[r.SkyAtmosphere.AerialPerspectiveLUT.SampleCountMaxPerSlice:4]]
[2022.02.16-23.38.46:035][  0]LogConfig: Setting CVar [[r.SkyAtmosphere.AerialPerspectiveLUT.DepthResolution:16.0]]
[2022.02.16-23.38.46:035][  0]LogConfig: Setting CVar [[r.SkyAtmosphere.FastSkyLUT:1]]
[2022.02.16-23.38.46:035][  0]LogConfig: Setting CVar [[r.SkyAtmosphere.FastSkyLUT.SampleCountMin:4.0]]
[2022.02.16-23.38.46:035][  0]LogConfig: Setting CVar [[r.SkyAtmosphere.FastSkyLUT.SampleCountMax:128.0]]
[2022.02.16-23.38.46:035][  0]LogConfig: Setting CVar [[r.SkyAtmosphere.SampleCountMin:4.0]]
[2022.02.16-23.38.46:035][  0]LogConfig: Setting CVar [[r.SkyAtmosphere.SampleCountMax:128.0]]
[2022.02.16-23.38.46:035][  0]LogConfig: Setting CVar [[r.SkyAtmosphere.TransmittanceLUT.UseSmallFormat:0]]
[2022.02.16-23.38.46:035][  0]LogConfig: Setting CVar [[r.SkyAtmosphere.TransmittanceLUT.SampleCount:10.0]]
[2022.02.16-23.38.46:035][  0]LogConfig: Setting CVar [[r.SkyAtmosphere.MultiScatteringLUT.SampleCount:15.0]]
[2022.02.16-23.38.46:035][  0]LogConfig: Setting CVar [[r.SkyLight.RealTimeReflectionCapture:1]]
[2022.02.16-23.38.46:035][  0]LogConfig: Applying CVar settings from Section [FoliageQuality@3] File [C:/Users/shayp/Documents/Unreal Projects/mp1/Saved/Config/Windows/Scalability.ini]
[2022.02.16-23.38.46:035][  0]LogConfig: Setting CVar [[foliage.DensityScale:1.0]]
[2022.02.16-23.38.46:035][  0]LogConfig: Setting CVar [[grass.DensityScale:1.0]]
[2022.02.16-23.38.46:035][  0]LogConfig: Applying CVar settings from Section [ShadingQuality@3] File [C:/Users/shayp/Documents/Unreal Projects/mp1/Saved/Config/Windows/Scalability.ini]
[2022.02.16-23.38.46:035][  0]LogConfig: Setting CVar [[r.HairStrands.SkyLighting.IntegrationType:2]]
[2022.02.16-23.38.46:035][  0]LogConfig: Setting CVar [[r.HairStrands.SkyAO.SampleCount:4]]
[2022.02.16-23.38.46:035][  0]LogConfig: Setting CVar [[r.HairStrands.Visibility.MSAA.SamplePerPixel:4]]
[2022.02.16-23.38.46:035][  0]LogConfig: Applying CVar settings from Section [Startup] File [../../../Engine/Config/ConsoleVariables.ini]
[2022.02.16-23.38.46:035][  0]LogConfig: Setting CVar [[net.UseAdaptiveNetUpdateFrequency:0]]
[2022.02.16-23.38.46:035][  0]LogConfig: Setting CVar [[p.chaos.AllowCreatePhysxBodies:1]]
[2022.02.16-23.38.46:035][  0]LogConfig: Setting CVar [[fx.SkipVectorVMBackendOptimizations:1]]
[2022.02.16-23.38.46:035][  0]LogConfig: Applying CVar settings from Section [ConsoleVariables] File [C:/Users/shayp/Documents/Unreal Projects/mp1/Saved/Config/Windows/Engine.ini]
[2022.02.16-23.38.46:035][  0]LogConfig: Applying CVar settings from Section [ConsoleVariables] File [C:/Users/shayp/Documents/Unreal Projects/mp1/Saved/Config/Windows/Editor.ini]
[2022.02.16-23.38.46:035][  0]LogInit: Computer: DESKTOP-9UGR7QE
[2022.02.16-23.38.46:035][  0]LogInit: User: shayp
[2022.02.16-23.38.46:035][  0]LogInit: CPU Page size=4096, Cores=6
[2022.02.16-23.38.46:035][  0]LogInit: High frequency timer resolution =10.000000 MHz
[2022.02.16-23.38.46:035][  0]LogMemory: Memory total: Physical=15.9GB (16GB approx)
[2022.02.16-23.38.46:035][  0]LogMemory: Platform Memory Stats for Windows
[2022.02.16-23.38.46:036][  0]LogMemory: Process Physical Memory: 144.69 MB used, 144.70 MB peak
[2022.02.16-23.38.46:036][  0]LogMemory: Process Virtual Memory: 131.80 MB used, 131.80 MB peak
[2022.02.16-23.38.46:036][  0]LogMemory: Physical Memory: 10702.02 MB used,  5609.66 MB free, 16311.68 MB total
[2022.02.16-23.38.46:036][  0]LogMemory: Virtual Memory: 134201728.00 MB used,  15996.35 MB free, 134217728.00 MB total
[2022.02.16-23.38.46:040][  0]LogWindows: WindowsPlatformFeatures enabled
[2022.02.16-23.38.46:077][  0]LogInit: Physics initialised using underlying interface: PhysX
[2022.02.16-23.38.46:078][  0]LogInit: Using OS detected language (en-US).
[2022.02.16-23.38.46:078][  0]LogInit: Using OS detected locale (en-US).
[2022.02.16-23.38.46:081][  0]LogTextLocalizationManager: No specific localization for 'en-US' exists, so the 'en' localization will be used.
[2022.02.16-23.38.46:259][  0]LogInit: Setting process to per monitor DPI aware
[2022.02.16-23.38.46:273][  0]LogWindowsTextInputMethodSystem: Display: IME system deactivated.
[2022.02.16-23.38.46:283][  0]LogSlate: New Slate User Created.  User Index 0, Is Virtual User: 0
[2022.02.16-23.38.46:283][  0]LogSlate: Slate User Registered.  User Index 0, Is Virtual User: 0
[2022.02.16-23.38.46:391][  0]LogD3D11RHI: Loaded GFSDK_Aftermath_Lib.x64.dll
[2022.02.16-23.38.46:393][  0]LogHMD: Failed to initialize OpenVR with code 110
[2022.02.16-23.38.46:393][  0]LogD3D11RHI: D3D11 min allowed feature level: 11_0
[2022.02.16-23.38.46:393][  0]LogD3D11RHI: D3D11 max allowed feature level: 11_0
[2022.02.16-23.38.46:393][  0]LogD3D11RHI: D3D11 adapters:
[2022.02.16-23.38.46:475][  0]LogD3D11RHI:    0. 'NVIDIA GeForce GTX 1070' (Feature Level 11_0)
[2022.02.16-23.38.46:476][  0]LogD3D11RHI:       8088/0/8155 MB DedicatedVideo/DedicatedSystem/SharedSystem, Outputs:1, VendorId:0x10de
[2022.02.16-23.38.46:477][  0]LogD3D11RHI:    1. 'Microsoft Basic Render Driver' (Feature Level 11_0)
[2022.02.16-23.38.46:477][  0]LogD3D11RHI:       0/0/8155 MB DedicatedVideo/DedicatedSystem/SharedSystem, Outputs:0, VendorId:0x1414
[2022.02.16-23.38.46:477][  0]LogD3D11RHI: Chosen D3D11 Adapter:
[2022.02.16-23.38.46:477][  0]LogD3D11RHI:     Description : NVIDIA GeForce GTX 1070
[2022.02.16-23.38.46:477][  0]LogD3D11RHI:     VendorId    : 10de
[2022.02.16-23.38.46:477][  0]LogD3D11RHI:     DeviceId    : 1b81
[2022.02.16-23.38.46:477][  0]LogD3D11RHI:     SubSysId    : 33021462
[2022.02.16-23.38.46:477][  0]LogD3D11RHI:     Revision    : 00a1
[2022.02.16-23.38.46:477][  0]LogD3D11RHI:     DedicatedVideoMemory : 8480882688 bytes
[2022.02.16-23.38.46:477][  0]LogD3D11RHI:     DedicatedSystemMemory : 0 bytes
[2022.02.16-23.38.46:477][  0]LogD3D11RHI:     SharedSystemMemory : 8552015872 bytes
[2022.02.16-23.38.46:477][  0]LogD3D11RHI:     AdapterLuid : 0 56033
[2022.02.16-23.38.46:484][  0]LogD3D11RHI: Creating new Direct3DDevice
[2022.02.16-23.38.46:484][  0]LogD3D11RHI:     GPU DeviceId: 0x1b81 (for the marketing name, search the web for "GPU Device Id")
[2022.02.16-23.38.46:484][  0]LogWindows: EnumDisplayDevices:
[2022.02.16-23.38.46:484][  0]LogWindows:    0. 'NVIDIA GeForce GTX 1070' (P:1 D:1)
[2022.02.16-23.38.46:485][  0]LogWindows:    1. 'NVIDIA GeForce GTX 1070' (P:0 D:0)
[2022.02.16-23.38.46:485][  0]LogWindows:    2. 'NVIDIA GeForce GTX 1070' (P:0 D:0)
[2022.02.16-23.38.46:485][  0]LogWindows:    3. 'NVIDIA GeForce GTX 1070' (P:0 D:0)
[2022.02.16-23.38.46:485][  0]LogWindows: DebugString: FoundDriverCount:4 
[2022.02.16-23.38.46:485][  0]LogD3D11RHI:     Adapter Name: NVIDIA GeForce GTX 1070
[2022.02.16-23.38.46:485][  0]LogD3D11RHI:   Driver Version: 471.11 (internal:30.0.14.7111, unified:471.11)
[2022.02.16-23.38.46:485][  0]LogD3D11RHI:      Driver Date: 6-21-2021
[2022.02.16-23.38.46:485][  0]LogRHI: Texture pool is 5661 MB (70% of 8088 MB)
[2022.02.16-23.38.46:485][  0]LogD3D11RHI: Creating D3DDevice using adapter:
[2022.02.16-23.38.46:485][  0]LogD3D11RHI:     Description : NVIDIA GeForce GTX 1070
[2022.02.16-23.38.46:485][  0]LogD3D11RHI:     VendorId    : 10de
[2022.02.16-23.38.46:485][  0]LogD3D11RHI:     DeviceId    : 1b81
[2022.02.16-23.38.46:485][  0]LogD3D11RHI:     SubSysId    : 33021462
[2022.02.16-23.38.46:485][  0]LogD3D11RHI:     Revision    : 00a1
[2022.02.16-23.38.46:485][  0]LogD3D11RHI:     DedicatedVideoMemory : 8480882688 bytes
[2022.02.16-23.38.46:485][  0]LogD3D11RHI:     DedicatedSystemMemory : 0 bytes
[2022.02.16-23.38.46:485][  0]LogD3D11RHI:     SharedSystemMemory : 8552015872 bytes
[2022.02.16-23.38.46:485][  0]LogD3D11RHI:     AdapterLuid : 0 56033
[2022.02.16-23.38.46:551][  0]LogD3D11RHI: RHI has support for 64 bit atomics
[2022.02.16-23.38.46:551][  0]LogD3D11RHI: Async texture creation enabled
[2022.02.16-23.38.46:551][  0]LogD3D11RHI: Array index from any shader is supported
[2022.02.16-23.38.46:552][  0]LogD3D11RHI: HDR output is supported on display 0 (NvId: 0x80061087).
[2022.02.16-23.38.46:580][  0]LogD3D11RHI: GPU Timing Frequency: 1000.000000 (Debug: 2 1)
[2022.02.16-23.38.46:601][  0]LogRHI: GeForceNow SDK initialized: 1
[2022.02.16-23.38.46:812][  0]LogTargetPlatformManager: Display: Loaded TargetPlatform 'AllDesktop'
[2022.02.16-23.38.46:831][  0]LogTargetPlatformManager: Display: Loaded TargetPlatform 'Android'
[2022.02.16-23.38.46:831][  0]LogTargetPlatformManager: Display: Loaded TargetPlatform 'Android_ASTC'
[2022.02.16-23.38.46:831][  0]LogTargetPlatformManager: Display: Loaded TargetPlatform 'Android_DXT'
[2022.02.16-23.38.46:831][  0]LogTargetPlatformManager: Display: Loaded TargetPlatform 'Android_ETC2'
[2022.02.16-23.38.46:831][  0]LogTargetPlatformManager: Display: Loaded TargetPlatform 'AndroidClient'
[2022.02.16-23.38.46:831][  0]LogTargetPlatformManager: Display: Loaded TargetPlatform 'Android_ASTCClient'
[2022.02.16-23.38.46:831][  0]LogTargetPlatformManager: Display: Loaded TargetPlatform 'Android_DXTClient'
[2022.02.16-23.38.46:831][  0]LogTargetPlatformManager: Display: Loaded TargetPlatform 'Android_ETC2Client'
[2022.02.16-23.38.46:831][  0]LogTargetPlatformManager: Display: Loaded TargetPlatform 'Android_Multi'
[2022.02.16-23.38.46:831][  0]LogTargetPlatformManager: Display: Loaded TargetPlatform 'Android_MultiClient'
[2022.02.16-23.38.46:845][  0]LogTargetPlatformManager: Display: Loaded TargetPlatform 'IOSClient'
[2022.02.16-23.38.46:845][  0]LogTargetPlatformManager: Display: Loaded TargetPlatform 'IOS'
[2022.02.16-23.38.46:853][  0]LogTargetPlatformManager: Display: Loaded TargetPlatform 'Linux'
[2022.02.16-23.38.46:856][  0]LogTargetPlatformManager: Display: Loaded TargetPlatform 'LinuxNoEditor'
[2022.02.16-23.38.46:860][  0]LogTargetPlatformManager: Display: Loaded TargetPlatform 'LinuxClient'
[2022.02.16-23.38.46:863][  0]LogTargetPlatformManager: Display: Loaded TargetPlatform 'LinuxServer'
[2022.02.16-23.38.46:871][  0]LogTargetPlatformManager: Display: Loaded TargetPlatform 'LinuxAArch64NoEditor'
[2022.02.16-23.38.46:874][  0]LogTargetPlatformManager: Display: Loaded TargetPlatform 'LinuxAArch64Client'
[2022.02.16-23.38.46:878][  0]LogTargetPlatformManager: Display: Loaded TargetPlatform 'LinuxAArch64Server'
[2022.02.16-23.38.46:898][  0]LogTargetPlatformManager: Display: Loaded TargetPlatform 'Lumin'
[2022.02.16-23.38.46:898][  0]LogTargetPlatformManager: Display: Loaded TargetPlatform 'LuminClient'
[2022.02.16-23.38.46:904][  0]LogTargetPlatformManager: Display: Loaded TargetPlatform 'MacNoEditor'
[2022.02.16-23.38.46:908][  0]LogTargetPlatformManager: Display: Loaded TargetPlatform 'Mac'
[2022.02.16-23.38.46:911][  0]LogTargetPlatformManager: Display: Loaded TargetPlatform 'MacClient'
[2022.02.16-23.38.46:914][  0]LogTargetPlatformManager: Display: Loaded TargetPlatform 'MacServer'
[2022.02.16-23.38.46:922][  0]LogTargetPlatformManager: Display: Loaded TargetPlatform 'TVOSClient'
[2022.02.16-23.38.46:922][  0]LogTargetPlatformManager: Display: Loaded TargetPlatform 'TVOS'
[2022.02.16-23.38.46:929][  0]LogTargetPlatformManager: Display: Loaded TargetPlatform 'WindowsNoEditor'
[2022.02.16-23.38.46:933][  0]LogTargetPlatformManager: Display: Loaded TargetPlatform 'Windows'
[2022.02.16-23.38.46:936][  0]LogTargetPlatformManager: Display: Loaded TargetPlatform 'WindowsClient'
[2022.02.16-23.38.46:939][  0]LogTargetPlatformManager: Display: Loaded TargetPlatform 'WindowsServer'
[2022.02.16-23.38.46:939][  0]LogTargetPlatformManager: Display: Building Assets For Windows
[2022.02.16-23.38.46:944][  0]LogAudioDebug: Display: Lib vorbis DLL was dynamically loaded.
[2022.02.16-23.38.46:966][  0]LogTextureFormatOodle: Display: Oodle Texture 2.9.0 init RDO Off
[2022.02.16-23.38.46:985][  0]LogRendererCore: Ray tracing is disabled. Reason: r.RayTracing=0.
[2022.02.16-23.38.46:985][  0]LogShaderCompilers: Guid format shader working directory is -10 characters bigger than the processId version (../../../../../Users/shayp/Documents/Unreal Projects/mp1/Intermediate/Shaders/WorkingDirectory/2652/).
[2022.02.16-23.38.46:986][  0]LogShaderCompilers: Cleaned the shader compiler working directory 'C:/Users/shayp/AppData/Local/Temp/UnrealShaderWorkingDir/BB99BEB84685C0CF8B43EA97E0888DD0/'.
[2022.02.16-23.38.46:986][  0]LogXGEController: Cannot use XGE Controller as Incredibuild is not installed on this machine.
[2022.02.16-23.38.46:986][  0]LogShaderCompilers: Cannot use XGE Shader Compiler as Incredibuild is not installed on this machine.
[2022.02.16-23.38.46:986][  0]LogShaderCompilers: Display: Using Local Shader Compiler.
[2022.02.16-23.38.47:604][  0]LogDerivedDataCache: Display: Max Cache Size: 512 MB
[2022.02.16-23.38.47:648][  0]LogDerivedDataCache: Loaded boot cache 0.04s 94MB C:/Users/shayp/AppData/Local/UnrealEngine/4.27/DerivedDataCache/Boot.ddc.
[2022.02.16-23.38.47:648][  0]LogDerivedDataCache: Display: Loaded Boot cache: C:/Users/shayp/AppData/Local/UnrealEngine/4.27/DerivedDataCache/Boot.ddc
[2022.02.16-23.38.47:648][  0]LogDerivedDataCache: FDerivedDataBackendGraph:  Pak pak cache file ../../../../../Users/shayp/Documents/Unreal Projects/mp1/DerivedDataCache/DDC.ddp not found, will not use a pak cache.
[2022.02.16-23.38.47:648][  0]LogDerivedDataCache: Unable to find inner node Pak for hierarchical cache Hierarchy.
[2022.02.16-23.38.47:648][  0]LogDerivedDataCache: FDerivedDataBackendGraph:  CompressedPak pak cache file ../../../../../Users/shayp/Documents/Unreal Projects/mp1/DerivedDataCache/Compressed.ddp not found, will not use a pak cache.
[2022.02.16-23.38.47:648][  0]LogDerivedDataCache: Unable to find inner node CompressedPak for hierarchical cache Hierarchy.
[2022.02.16-23.38.47:665][  0]LogDerivedDataCache: Display: Pak cache opened for reading ../../../Engine/DerivedDataCache/Compressed.ddp.
[2022.02.16-23.38.47:665][  0]LogDerivedDataCache: FDerivedDataBackendGraph:  EnterprisePak pak cache file ../../../Enterprise/DerivedDataCache/Compressed.ddp not found, will not use a pak cache.
[2022.02.16-23.38.47:665][  0]LogDerivedDataCache: Unable to find inner node EnterprisePak for hierarchical cache Hierarchy.
[2022.02.16-23.38.47:671][  0]LogDerivedDataCache: Speed tests for C:/Users/shayp/AppData/Local/UnrealEngine/Common/DerivedDataCache took 0.01 seconds
[2022.02.16-23.38.47:671][  0]LogDerivedDataCache: Display: Performance to C:/Users/shayp/AppData/Local/UnrealEngine/Common/DerivedDataCache: Latency=0.02ms. RandomReadSpeed=1578.42MBs, RandomWriteSpeed=192.55MBs. Assigned SpeedClass 'Local'
[2022.02.16-23.38.47:671][  0]LogDerivedDataCache: Using Local data cache path C:/Users/shayp/AppData/Local/UnrealEngine/Common/DerivedDataCache: Writable
[2022.02.16-23.38.47:672][  0]LogDerivedDataCache: Shared data cache path not found in *engine.ini, will not use an Shared cache.
[2022.02.16-23.38.47:672][  0]LogDerivedDataCache: Unable to find inner node Shared for hierarchical cache Hierarchy.
[2022.02.16-23.38.47:715][  0]LogSlate: Using FreeType 2.10.0
[2022.02.16-23.38.47:715][  0]LogSlate: SlateFontServices - WITH_FREETYPE: 1, WITH_HARFBUZZ: 1
[2022.02.16-23.38.47:735][  0]LogAssetRegistry: FAssetRegistry took 0.0023 seconds to start up
[2022.02.16-23.38.47:943][  0]LogInit: Selected Device Profile: [Windows]
[2022.02.16-23.38.47:943][  0]LogInit: Active device profile: [0000016E41F30900][0000016E428D8C80 49] Windows
[2022.02.16-23.38.47:943][  0]LogInit: Profiles: [0000016E41F30900][0000016E428D8C80 49] Windows, [0000016E41EEF800][0000016E34440E00 49] WindowsNoEditor, [0000016E41F33500][0000016E34444F80 49] WindowsServer, [0000016E41EECE00][0000016E3E2C1100 49] WindowsClient, [0000016E41F33800][0000016E3E2C5280 49] IOS, [0000016E41EEE800][0000016E3E2CD400 49] iPadAir, [0000016E41F32000][0000016E346B7580 49] iPadAir2, [0000016E41E88A00][0000016E346C9840 49] IPadPro, [0000016E41E88B00][0000016E346C5880 49] iPadAir3, [0000016E41EED900][0000016E346CDA00 49] iPadAir4, [0000016E41E8B400][0000016E346D1B80 49] iPadMini2, [0000016E41EEEA00][0000016E429AC180 49] iPadMini3, [0000016E41E89700][0000016E429B0300 49] iPadMini4, [0000016E41F31100][0000016E4309E480 49] iPadMini5, [0000016E41E90300][0000016E430F4740 49] iPhone6, [0000016E41E90400][0000016E430E4780 49] iPodTouch6, [0000016E41E7BF00][0000016E430FC9C0 49] iPhone7, [0000016E41E7BE00][0000016E428DCA00 49] iPodTouch7, [0000016E41EEE000][0000016E42A24B40 49] iPhone5S, [0000016E41E79A00][0000016E42A2CCC0 49] iPhone6Plus, [0000016E41E90200][0000016E42A34E40 49] iPhone6S, [0000016E41E78600][0000016E42A64FC0 49] iPhone6SPlus, [0000016E41E92900][0000016E34389140 49] iPhone7Plus, [0000016E41E7B100][0000016E3438D2C0 49] iPhoneSE, [0000016E41E92200][0000016E428B9440 49] iPhone8, [0000016E41E7BB00][0000016E428BD5C0 49] iPhone8Plus, [0000016E41E90A00][0000016E428C1740 49] iPhoneX, [0000016E41E79400][0000016E346AD8C0 49] iPhoneXS, [0000016E41E93D00][0000016E346B1A40 49] iPhoneXSMax, [0000016E41E78500][0000016E42A31BC0 49] iPhoneXR, [0000016E41E91300][0000016E428CE1C0 49] iPhone11, [0000016E41E7A700][0000016E428D2340 49] iPhone11Pro, [0000016E41E91000][0000016E3E2B44C0 49] iPhone11ProMax, [0000016E41E7AA00][0000016E430F8640 49] iPhoneSE2, [0000016E41E91400][0000016E4287C7C0 49] iPhone12Mini, [0000016E41E7A400][0000016E42878940 49] iPhone12, [0000016E41E90D00][0000016E42A28A80 49] iPhone12Pro, [0000016E41E7AB00][0000016E42CD6BC0 49] iPhone12ProMax, [0000016E41E93000][0000016E42A60D00 49] iPadPro105, [0000016E41E78700][0000016E3E2BCE80 49] iPadPro129, [0000016E41E92800][0000016E42A39000 49] iPadPro97, [0000016E41E7A600][0000016E42A3D180 49] iPadPro2_129, [0000016E41E93C00][0000016E42A41300 49] iPad5, [0000016E41E7A200][0000016E42A45480 49] iPad6, [0000016E41E90F00][0000016E42A49600 49] iPad7, [0000016E41E7BC00][0000016E42A4D780 49] iPad8, [0000016E41E93400][0000016E42A51900 49] iPadPro11, [0000016E41E7AF00][0000016E42A55A80 49] iPadPro2_11, [0000016E41E93900][0000016E42A59C00 49] iPadPro3_129, [0000016E41E79700][0000016E42A5C200 49] iPadPro4_129, [0000016E41E91100][0000016E343A4380 49] AppleTV, [0000016E41E7A100][0000016E343A8500 49] AppleTV4K, [0000016E41E91F00][0000016E343AC680 49] TVOS, [0000016E41E7B400][0000016E343B0800 49] Mac, [0000016E41E93800][0000016E343B4980 49] MacClient, [0000016E41E79E00][0000016E343B8B00 49] MacNoEditor, [0000016E41E93F00][0000016E3E2B8C40 49] MacServer, [0000016E41E79200][0000016E343BCD80 49] Linux, [0000016E41E90C00][0000016E343C0EC0 49] LinuxAArch64, [0000016E41E79F00][0000016E343C9040 49] LinuxNoEditor, [0000016E41E91B00][0000016E343CD1C0 49] LinuxAArch64NoEditor, [0000016E41E7BA00][0000016E343D1340 49] LinuxClient, [0000016E41E93500][0000016E343D54C0 49] LinuxAArch64Client, [0000016E41E79000][0000016E4283D640 49] LinuxServer, [0000016E41E92500][0000016E428417C0 49] LinuxAArch64Server, [0000016E41E78A00][0000016E42845940 49] Android, [0000016E41E93300][0000016E42849AC0 49] Android_Low, [0000016E41E7B500][0000016E4284C0C0 49] Android_Mid, [0000016E41E90600][0000016E42850240 49] Android_High, [0000016E41E78200][0000016E428543C0 49] Android_Default, [0000016E41E93100][0000016E42858540 49] Android_Adreno4xx, [0000016E41E79100][0000016E4285C6C0 49] Android_Adreno5xx_Low, [0000016E41E8B600][0000016E42860840 49] Android_Adreno5xx, [0000016E41EED500][0000016E428649C0 49] Android_Adreno6xx, [0000016E41E88F00][0000016E42868B40 49] Android_Adreno6xx_Vulkan, [0000016E41EEFC00][0000016E4286CCC0 49] Android_Mali_T6xx, [0000016E41E89100][0000016E343C4E00 49] Android_Mali_T7xx, [0000016E41EED600][0000016E42870F40 49] Android_Mali_T8xx, [0000016E41E89E00][0000016E42875080 49] Android_Mali_G71, [0000016E41EEC500][0000016E425C31C0 49] Android_Mali_G72, [0000016E41E88800][0000016E425CB340 49] Android_Mali_G72_Vulkan, [0000016E41EEFA00][0000016E425CF4C0 49] Android_Mali_G76, [0000016E41E88100][0000016E425D3640 49] Android_Mali_G76_Vulkan, [0000016E41EEDF00][0000016E425D77C0 49] Android_Mali_G77, [0000016E41E89000][0000016E425DB940 49] Android_Mali_G77_Vulkan, [0000016E41EECA00][0000016E425DFAC0 49] Android_Mali_G78, [0000016E41E8AC00][0000016E425E20C0 49] Android_Mali_G78_Vulkan, [0000016E41EEF600][0000016E425E6240 49] Android_Mali_G710, [0000016E41E8AB00][0000016E425EA3C0 49] Android_Mali_G710_Vulkan, [0000016E41EEFF00][0000016E425EE540 49] Android_Vulkan_SM5, [0000016E41E8BB00][0000016E425F26C0 49] Android_PowerVR_G6xxx, [0000016E41EEC100][0000016E425F6840 49] Android_PowerVR_GT7xxx, [0000016E41E8A300][0000016E425FA9C0 49] Android_PowerVR_GE8xxx, [0000016E41EECC00][0000016E425FEB40 49] Android_PowerVR_GM9xxx, [0000016E41E8A700][0000016E42602CC0 49] Android_PowerVR_GM9xxx_Vulkan, [0000016E41EEE700][0000016E42606E40 49] Android_TegraK1, [0000016E41E88600][0000016E425C6F80 49] Android_Unknown_Vulkan, [0000016E41EEED00][0000016E4260B0C0 49] Lumin, [0000016E41E88500][0000016E4260F200 49] Lumin_Desktop, [0000016E41EEE500][0000016E42613340 49] HoloLens, 
[2022.02.16-23.38.48:046][  0]LogMeshReduction: Using QuadricMeshReduction for automatic static mesh reduction
[2022.02.16-23.38.48:046][  0]LogMeshReduction: Using SimplygonMeshReduction for automatic skeletal mesh reduction
[2022.02.16-23.38.48:046][  0]LogMeshReduction: Using ProxyLODMeshReduction for automatic mesh merging
[2022.02.16-23.38.48:046][  0]LogMeshReduction: No distributed automatic mesh merging module available
[2022.02.16-23.38.48:046][  0]LogMeshMerging: No distributed automatic mesh merging module available
[2022.02.16-23.38.48:058][  0]LogNetVersion: InfiniteMatrix 1.0.0, NetCL: 17155196, EngineNetVer: 17, GameNetVer: 0 (Checksum: 1551001080)
[2022.02.16-23.38.48:402][  0]LogTexture: Default maximum texture size for cubemaps generated from long-lat sources has been changed from 512 to unlimited. In order to preserve old behaiour for '/Engine/MapTemplates/Sky/DaylightAmbientCubemap.DaylightAmbientCubemap', its maximum texture size has been explicitly set to 512.
[2022.02.16-23.38.48:458][  0]LogHMD: PokeAHoleMaterial loaded successfully
[2022.02.16-23.38.48:464][  0]LogUObjectArray: 17178 objects as part of root set at end of initial load.
[2022.02.16-23.38.48:464][  0]LogUObjectAllocator: 4302048 out of 0 bytes used by permanent object pool.
[2022.02.16-23.38.48:464][  0]LogUObjectArray: CloseDisregardForGC: 0/0 objects in disregard for GC pool
[2022.02.16-23.38.48:671][  0]LogNiagaraDebuggerClient: Niagara Debugger Client Initialized | Session: B909E01146868856AC4693A97874B6DC | Instance: 4419301F4E8FC308952C4FA44ACC5EFC (DESKTOP-9UGR7QE-2652).
[2022.02.16-23.38.48:711][  0]LogPython: Using Python 3.7.7
[2022.02.16-23.38.49:375][  0]SourceControl: Source control is disabled
[2022.02.16-23.38.49:375][  0]SourceControl: Source control is disabled
[2022.02.16-23.38.49:377][  0]SourceControl: Source control is disabled
[2022.02.16-23.38.49:383][  0]SourceControl: Source control is disabled
[2022.02.16-23.38.49:385][  0]SourceControl: Source control is disabled
[2022.02.16-23.38.49:387][  0]LogUProjectInfo: Found projects:
[2022.02.16-23.38.49:499][  0]LogOpenImageDenoise: OIDN starting up
[2022.02.16-23.38.49:509][  0]LogAndroidPermission: UAndroidPermissionCallbackProxy::GetInstance
[2022.02.16-23.38.49:524][  0]LogAudioCaptureCore: Display: No Audio Capture implementations found. Audio input will be silent.
[2022.02.16-23.38.49:524][  0]LogAudioCaptureCore: Display: No Audio Capture implementations found. Audio input will be silent.
[2022.02.16-23.38.49:644][  0]LogCollectionManager: Loaded 0 collections in 0.001634 seconds
[2022.02.16-23.38.49:663][  0]LogFileCache: Scanning file cache for directory 'C:/Users/shayp/Documents/Unreal Projects/mp1/Saved/Collections/' took 0.00s
[2022.02.16-23.38.49:663][  0]LogFileCache: Scanning file cache for directory 'C:/Users/shayp/Documents/Unreal Projects/mp1/Content/Developers/shayp/Collections/' took 0.00s
[2022.02.16-23.38.49:663][  0]LogFileCache: Scanning file cache for directory 'C:/Users/shayp/Documents/Unreal Projects/mp1/Content/Collections/' took 0.00s
[2022.02.16-23.38.49:663][  0]LogOcInput: OculusInput pre-init called
[2022.02.16-23.38.49:849][  0]LogEngine: Initializing Engine...
[2022.02.16-23.38.49:850][  0]LogHMD: Failed to enumerate extensions. Please check that you have a valid OpenXR runtime installed.
[2022.02.16-23.38.49:851][  0]LogHMD: Failed to initialize OpenVR with code 110
[2022.02.16-23.38.49:851][  0]LogMagicLeap: Warning: VR disabled because ZI is not enabled.  To enable, in the editor, Edit -> Project Settings -> Plugins -> Magic Leap Plugin -> Enable Zero Iteration
[2022.02.16-23.38.49:851][  0]LogStats: UGameplayTagsManager::InitializeManager -  0.000 s
[2022.02.16-23.38.49:944][  0]LogInit: Initializing FReadOnlyCVARCache
[2022.02.16-23.38.49:951][  0]LogAIModule: Creating AISystem for world Untitled
[2022.02.16-23.38.49:957][  0]LogAudio: Display: Initializing Audio Device Manager...
[2022.02.16-23.38.49:960][  0]LogAudio: Display: Loading Default Audio Settings Objects...
[2022.02.16-23.38.49:961][  0]LogAudio: Display: No default SoundConcurrencyObject specified (or failed to load).
[2022.02.16-23.38.49:961][  0]LogAudio: Display: Audio Device Manager Initialized
[2022.02.16-23.38.49:961][  0]LogAudio: Display: Creating Audio Device:                 Id: 1, Scope: Shared, Realtime: True
[2022.02.16-23.38.49:961][  0]LogAudioMixer: Display: Audio Mixer Platform Settings:
[2022.02.16-23.38.49:961][  0]LogAudioMixer: Display: 	Sample Rate:						  48000
[2022.02.16-23.38.49:961][  0]LogAudioMixer: Display: 	Callback Buffer Frame Size Requested: 1024
[2022.02.16-23.38.49:961][  0]LogAudioMixer: Display: 	Callback Buffer Frame Size To Use:	  1024
[2022.02.16-23.38.49:961][  0]LogAudioMixer: Display: 	Number of buffers to queue:			  2
[2022.02.16-23.38.49:961][  0]LogAudioMixer: Display: 	Max Channels (voices):				  32
[2022.02.16-23.38.49:961][  0]LogAudioMixer: Display: 	Number of Async Source Workers:		  0
[2022.02.16-23.38.49:961][  0]LogAudio: Display: AudioDevice MaxSources: 32
[2022.02.16-23.38.49:961][  0]LogAudio: Display: Audio Spatialization Plugin: None (built-in).
[2022.02.16-23.38.49:961][  0]LogAudio: Display: Audio Reverb Plugin: None (built-in).
[2022.02.16-23.38.49:961][  0]LogAudio: Display: Audio Occlusion Plugin: None (built-in).
[2022.02.16-23.38.49:962][  0]LogAudioMixer: Display: Initializing audio mixer.
[2022.02.16-23.38.49:973][  0]LogAudioMixer: Display: 0: FrontLeft
[2022.02.16-23.38.49:973][  0]LogAudioMixer: Display: 1: FrontRight
[2022.02.16-23.38.49:986][  0]LogAudioMixer: Display: Using Audio Device Speakers (High Definition Audio Device)
[2022.02.16-23.38.49:988][  0]LogAudioMixer: Display: Initializing Sound Submixes...
[2022.02.16-23.38.49:989][  0]LogAudioMixer: Display: Creating Master Submix 'MasterSubmixDefault'
[2022.02.16-23.38.49:989][  0]LogAudioMixer: Display: Creating Master Submix 'MasterReverbSubmixDefault'
[2022.02.16-23.38.49:990][  0]LogAudioMixer: Display: Creating Master Submix 'MasterEQSubmixDefault'
[2022.02.16-23.38.49:990][  0]LogAudioMixer: FMixerPlatformXAudio2::StartAudioStream() called
[2022.02.16-23.38.49:990][  0]LogAudioMixer: Display: Output buffers initialized: Frames=1024, Channels=2, Samples=2048
[2022.02.16-23.38.49:991][  0]LogAudioMixer: Display: Starting AudioMixerPlatformInterface::RunInternal()
[2022.02.16-23.38.49:991][  0]LogAudioMixer: Display: FMixerPlatformXAudio2::SubmitBuffer() called for the first time
[2022.02.16-23.38.49:991][  0]LogInit: FAudioDevice initialized.
[2022.02.16-23.38.49:991][  0]LogAudio: Display: Audio Device (ID: 1) registered with world 'Untitled'.
[2022.02.16-23.38.49:991][  0]LogNetVersion: Set ProjectVersion to 1.0.0.0. Version Checksum will be recalculated on next use.
[2022.02.16-23.38.50:038][  0]LogDerivedDataCache: Saved boot cache 0.05s 94MB C:/Users/shayp/AppData/Local/UnrealEngine/4.27/DerivedDataCache/Boot.ddc.
[2022.02.16-23.38.50:038][  0]LogInit: Texture streaming: Enabled
[2022.02.16-23.38.50:047][  0]LogAnalytics: Display: [UEEditor.Rocket.Release] APIServer = https://datarouter.ol.epicgames.com/. AppVersion = 4.27.2-18319896+++UE4+Release-4.27
[2022.02.16-23.38.50:050][  0]LogEngineSessionManager: EngineSessionManager initialized
[2022.02.16-23.38.50:050][  0]LogEditorSessionSummary: Verbose: Initializing EditorSessionSummaryWriter for editor session tracking
[2022.02.16-23.38.50:051][  0]LogEditorSessionSummary: EditorSessionSummaryWriter initialized
[2022.02.16-23.38.50:074][  0]LogInit: Transaction tracking system initialized
[2022.02.16-23.38.50:088][  0]BlueprintLog: New page: Editor Load
[2022.02.16-23.38.50:133][  0]LocalizationService: Localization service is disabled
[2022.02.16-23.38.50:149][  0]TimingProfiler: Initialize
[2022.02.16-23.38.50:149][  0]TimingProfiler: OnSessionChanged
[2022.02.16-23.38.50:149][  0]LoadingProfiler: Initialize
[2022.02.16-23.38.50:150][  0]LoadingProfiler: OnSessionChanged
[2022.02.16-23.38.50:150][  0]NetworkingProfiler: Initialize
[2022.02.16-23.38.50:150][  0]NetworkingProfiler: OnSessionChanged
[2022.02.16-23.38.50:150][  0]MemoryProfiler: Initialize
[2022.02.16-23.38.50:150][  0]MemoryProfiler: OnSessionChanged
[2022.02.16-23.38.50:258][  0]LogCook: Display: CookSettings for Memory: MemoryMaxUsedVirtual 0MiB, MemoryMaxUsedPhysical 16384MiB, MemoryMinFreeVirtual 0MiB, MemoryMinFreePhysical 1024MiB
[2022.02.16-23.38.50:258][  0]LogCook: Display: Mobile HDR setting 1
[2022.02.16-23.38.50:394][  0]LogFileCache: Scanning file cache for directory 'C:/Users/shayp/Documents/Unreal Projects/mp1/Content/' took 0.00s
[2022.02.16-23.38.50:538][  0]LogInit: Display: Engine is initialized. Leaving FEngineLoop::Init()
[2022.02.16-23.38.50:540][  0]SourceControl: Source control is disabled
[2022.02.16-23.38.50:541][  0]LogUnrealEdMisc: Loading editor; pre map load, took 5.468
[2022.02.16-23.38.50:541][  0]Cmd: MAP LOAD FILE="../../../../../Users/shayp/Documents/Unreal Projects/mp1/Content/InfiniteMatrix/Maps/TutorialMap.umap" TEMPLATE=0 SHOWPROGRESS=1 FEATURELEVEL=3
[2022.02.16-23.38.50:541][  0]LightingResults: New page: Lighting Build
[2022.02.16-23.38.50:542][  0]LogWorld: UWorld::CleanupWorld for Untitled, bSessionEnded=true, bCleanupResources=true
[2022.02.16-23.38.50:542][  0]LogSlate: InvalidateAllWidgets triggered.  All widgets were invalidated
[2022.02.16-23.38.50:542][  0]MapCheck: New page: Map Check
[2022.02.16-23.38.50:542][  0]LightingResults: New page: Lighting Build
[2022.02.16-23.38.50:545][  0]LogAudio: Display: Audio Device unregistered from world 'None'.
[2022.02.16-23.38.50:548][  0]LogUObjectHash: Compacting FUObjectHashTables data took   0.82ms
[2022.02.16-23.38.50:649][  0]LogAudio: Display: Audio Device (ID: 1) registered with world 'TutorialMap'.
[2022.02.16-23.38.50:650][  0]LogAIModule: Creating AISystem for world TutorialMap
[2022.02.16-23.38.50:655][  0]LogEditorServer: Finished looking for orphan Actors (0.000 secs)
[2022.02.16-23.38.50:661][  0]LogUObjectHash: Compacting FUObjectHashTables data took   0.90ms
[2022.02.16-23.38.50:661][  0]Cmd: MAP CHECKDEP NOCLEARLOG
[2022.02.16-23.38.50:661][  0]MapCheck: Map check complete: 0 Error(s), 0 Warning(s), took 0.15ms to complete.
[2022.02.16-23.38.50:661][  0]LogFileHelpers: Loading map 'TutorialMap' took 0.120
[2022.02.16-23.38.50:663][  0]LogUnrealEdMisc: Total Editor Startup Time, took 5.590
[2022.02.16-23.38.50:748][  0]LogSlate: Updating window title bar state: overlay mode, drag disabled, window buttons hidden, title bar hidden
[2022.02.16-23.38.50:754][  0]LogSlate: Updating window title bar state: overlay mode, drag disabled, window buttons hidden, title bar hidden
[2022.02.16-23.38.50:760][  0]LogSlate: Updating window title bar state: overlay mode, drag disabled, window buttons hidden, title bar hidden
[2022.02.16-23.38.50:765][  0]LogSlate: Updating window title bar state: overlay mode, drag disabled, window buttons hidden, title bar hidden
[2022.02.16-23.38.50:778][  0]LogNativeClassHierarchy: Verbose: Native class hierarchy populated in 0.0093 seconds. Added 3822 classes and 928 folders.
[2022.02.16-23.38.50:780][  0]LogNativeClassHierarchy: Verbose: Native class hierarchy updated for 'WidgetCarousel' in 0.0003 seconds. Added 0 classes and 0 folders.
[2022.02.16-23.38.50:781][  0]LogPakFile: PakFile PrimaryIndexSize=187
[2022.02.16-23.38.50:781][  0]LogPakFile: PakFile PathHashIndexSize=101
[2022.02.16-23.38.50:781][  0]LogPakFile: PakFile FullDirectoryIndexSize=148
[2022.02.16-23.38.50:781][  0]LogShaderLibrary: Display: ShaderCodeLibraryPakFileMountedCallback: PakFile 'C:/Epic Games/UE_4.27/FeaturePacks/FP_FirstPerson.upack' (chunk index -1, root 'root:/') mounted
[2022.02.16-23.38.50:781][  0]LogShaderLibrary: Display: ShaderCodeLibraryPakFileMountedCallback: pending pak file info (ChunkID:-1 Root:root:/ File:C:/Epic Games/UE_4.27/FeaturePacks/FP_FirstPerson.upack)
[2022.02.16-23.38.50:781][  0]LogPakFile: OnPakFileMounted2Time == 0.000044
[2022.02.16-23.38.50:781][  0]LogPakFile: PakFile PrimaryIndexSize=189
[2022.02.16-23.38.50:781][  0]LogPakFile: PakFile PathHashIndexSize=101
[2022.02.16-23.38.50:781][  0]LogPakFile: PakFile FullDirectoryIndexSize=152
[2022.02.16-23.38.50:781][  0]LogShaderLibrary: Display: ShaderCodeLibraryPakFileMountedCallback: PakFile 'C:/Epic Games/UE_4.27/FeaturePacks/FP_FirstPersonBP.upack' (chunk index -1, root 'root:/') mounted
[2022.02.16-23.38.50:781][  0]LogShaderLibrary: Display: ShaderCodeLibraryPakFileMountedCallback: pending pak file info (ChunkID:-1 Root:root:/ File:C:/Epic Games/UE_4.27/FeaturePacks/FP_FirstPersonBP.upack)
[2022.02.16-23.38.50:781][  0]LogPakFile: OnPakFileMounted2Time == 0.000030
[2022.02.16-23.38.50:782][  0]LogPakFile: PakFile PrimaryIndexSize=191
[2022.02.16-23.38.50:782][  0]LogPakFile: PakFile PathHashIndexSize=101
[2022.02.16-23.38.50:782][  0]LogPakFile: PakFile FullDirectoryIndexSize=160
[2022.02.16-23.38.50:782][  0]LogShaderLibrary: Display: ShaderCodeLibraryPakFileMountedCallback: PakFile 'C:/Epic Games/UE_4.27/FeaturePacks/MobileStarterContent.upack' (chunk index -1, root 'root:/') mounted
[2022.02.16-23.38.50:782][  0]LogShaderLibrary: Display: ShaderCodeLibraryPakFileMountedCallback: pending pak file info (ChunkID:-1 Root:root:/ File:C:/Epic Games/UE_4.27/FeaturePacks/MobileStarterContent.upack)
[2022.02.16-23.38.50:782][  0]LogPakFile: OnPakFileMounted2Time == 0.000027
[2022.02.16-23.38.50:782][  0]LogPakFile: PakFile PrimaryIndexSize=185
[2022.02.16-23.38.50:782][  0]LogPakFile: PakFile PathHashIndexSize=101
[2022.02.16-23.38.50:782][  0]LogPakFile: PakFile FullDirectoryIndexSize=148
[2022.02.16-23.38.50:782][  0]LogShaderLibrary: Display: ShaderCodeLibraryPakFileMountedCallback: PakFile 'C:/Epic Games/UE_4.27/FeaturePacks/StarterContent.upack' (chunk index -1, root 'root:/') mounted
[2022.02.16-23.38.50:782][  0]LogShaderLibrary: Display: ShaderCodeLibraryPakFileMountedCallback: pending pak file info (ChunkID:-1 Root:root:/ File:C:/Epic Games/UE_4.27/FeaturePacks/StarterContent.upack)
[2022.02.16-23.38.50:782][  0]LogPakFile: OnPakFileMounted2Time == 0.000029
[2022.02.16-23.38.50:783][  0]LogPakFile: PakFile PrimaryIndexSize=190
[2022.02.16-23.38.50:783][  0]LogPakFile: PakFile PathHashIndexSize=101
[2022.02.16-23.38.50:783][  0]LogPakFile: PakFile FullDirectoryIndexSize=154
[2022.02.16-23.38.50:783][  0]LogShaderLibrary: Display: ShaderCodeLibraryPakFileMountedCallback: PakFile 'C:/Epic Games/UE_4.27/FeaturePacks/TP_2DSideScroller.upack' (chunk index -1, root 'root:/') mounted
[2022.02.16-23.38.50:783][  0]LogShaderLibrary: Display: ShaderCodeLibraryPakFileMountedCallback: pending pak file info (ChunkID:-1 Root:root:/ File:C:/Epic Games/UE_4.27/FeaturePacks/TP_2DSideScroller.upack)
[2022.02.16-23.38.50:783][  0]LogPakFile: OnPakFileMounted2Time == 0.000028
[2022.02.16-23.38.50:783][  0]LogPakFile: PakFile PrimaryIndexSize=192
[2022.02.16-23.38.50:783][  0]LogPakFile: PakFile PathHashIndexSize=101
[2022.02.16-23.38.50:783][  0]LogPakFile: PakFile FullDirectoryIndexSize=158
[2022.02.16-23.38.50:783][  0]LogShaderLibrary: Display: ShaderCodeLibraryPakFileMountedCallback: PakFile 'C:/Epic Games/UE_4.27/FeaturePacks/TP_2DSideScrollerBP.upack' (chunk index -1, root 'root:/') mounted
[2022.02.16-23.38.50:783][  0]LogShaderLibrary: Display: ShaderCodeLibraryPakFileMountedCallback: pending pak file info (ChunkID:-1 Root:root:/ File:C:/Epic Games/UE_4.27/FeaturePacks/TP_2DSideScrollerBP.upack)
[2022.02.16-23.38.50:783][  0]LogPakFile: OnPakFileMounted2Time == 0.000027
[2022.02.16-23.38.50:784][  0]LogPakFile: PakFile PrimaryIndexSize=182
[2022.02.16-23.38.50:784][  0]LogPakFile: PakFile PathHashIndexSize=101
[2022.02.16-23.38.50:784][  0]LogPakFile: PakFile FullDirectoryIndexSize=138
[2022.02.16-23.38.50:784][  0]LogShaderLibrary: Display: ShaderCodeLibraryPakFileMountedCallback: PakFile 'C:/Epic Games/UE_4.27/FeaturePacks/TP_Flying.upack' (chunk index -1, root 'root:/') mounted
[2022.02.16-23.38.50:784][  0]LogShaderLibrary: Display: ShaderCodeLibraryPakFileMountedCallback: pending pak file info (ChunkID:-1 Root:root:/ File:C:/Epic Games/UE_4.27/FeaturePacks/TP_Flying.upack)
[2022.02.16-23.38.50:784][  0]LogPakFile: OnPakFileMounted2Time == 0.000027
[2022.02.16-23.38.50:784][  0]LogPakFile: PakFile PrimaryIndexSize=184
[2022.02.16-23.38.50:784][  0]LogPakFile: PakFile PathHashIndexSize=101
[2022.02.16-23.38.50:784][  0]LogPakFile: PakFile FullDirectoryIndexSize=142
[2022.02.16-23.38.50:784][  0]LogShaderLibrary: Display: ShaderCodeLibraryPakFileMountedCallback: PakFile 'C:/Epic Games/UE_4.27/FeaturePacks/TP_FlyingBP.upack' (chunk index -1, root 'root:/') mounted
[2022.02.16-23.38.50:784][  0]LogShaderLibrary: Display: ShaderCodeLibraryPakFileMountedCallback: pending pak file info (ChunkID:-1 Root:root:/ File:C:/Epic Games/UE_4.27/FeaturePacks/TP_FlyingBP.upack)
[2022.02.16-23.38.50:784][  0]LogPakFile: OnPakFileMounted2Time == 0.000030
[2022.02.16-23.38.50:785][  0]LogPakFile: PakFile PrimaryIndexSize=188
[2022.02.16-23.38.50:785][  0]LogPakFile: PakFile PathHashIndexSize=101
[2022.02.16-23.38.50:785][  0]LogPakFile: PakFile FullDirectoryIndexSize=150
[2022.02.16-23.38.50:785][  0]LogShaderLibrary: Display: ShaderCodeLibraryPakFileMountedCallback: PakFile 'C:/Epic Games/UE_4.27/FeaturePacks/TP_HandheldARBP.upack' (chunk index -1, root 'root:/') mounted
[2022.02.16-23.38.50:785][  0]LogShaderLibrary: Display: ShaderCodeLibraryPakFileMountedCallback: pending pak file info (ChunkID:-1 Root:root:/ File:C:/Epic Games/UE_4.27/FeaturePacks/TP_HandheldARBP.upack)
[2022.02.16-23.38.50:785][  0]LogPakFile: OnPakFileMounted2Time == 0.000027
[2022.02.16-23.38.50:785][  0]LogPakFile: PakFile PrimaryIndexSize=182
[2022.02.16-23.38.50:785][  0]LogPakFile: PakFile PathHashIndexSize=101
[2022.02.16-23.38.50:785][  0]LogPakFile: PakFile FullDirectoryIndexSize=138
[2022.02.16-23.38.50:785][  0]LogShaderLibrary: Display: ShaderCodeLibraryPakFileMountedCallback: PakFile 'C:/Epic Games/UE_4.27/FeaturePacks/TP_Puzzle.upack' (chunk index -1, root 'root:/') mounted
[2022.02.16-23.38.50:785][  0]LogShaderLibrary: Display: ShaderCodeLibraryPakFileMountedCallback: pending pak file info (ChunkID:-1 Root:root:/ File:C:/Epic Games/UE_4.27/FeaturePacks/TP_Puzzle.upack)
[2022.02.16-23.38.50:785][  0]LogPakFile: OnPakFileMounted2Time == 0.000027
[2022.02.16-23.38.50:786][  0]LogPakFile: PakFile PrimaryIndexSize=184
[2022.02.16-23.38.50:786][  0]LogPakFile: PakFile PathHashIndexSize=101
[2022.02.16-23.38.50:786][  0]LogPakFile: PakFile FullDirectoryIndexSize=142
[2022.02.16-23.38.50:786][  0]LogShaderLibrary: Display: ShaderCodeLibraryPakFileMountedCallback: PakFile 'C:/Epic Games/UE_4.27/FeaturePacks/TP_PuzzleBP.upack' (chunk index -1, root 'root:/') mounted
[2022.02.16-23.38.50:786][  0]LogShaderLibrary: Display: ShaderCodeLibraryPakFileMountedCallback: pending pak file info (ChunkID:-1 Root:root:/ File:C:/Epic Games/UE_4.27/FeaturePacks/TP_PuzzleBP.upack)
[2022.02.16-23.38.50:786][  0]LogPakFile: OnPakFileMounted2Time == 0.000028
[2022.02.16-23.38.50:786][  0]LogPakFile: PakFile PrimaryIndexSize=183
[2022.02.16-23.38.50:786][  0]LogPakFile: PakFile PathHashIndexSize=101
[2022.02.16-23.38.50:786][  0]LogPakFile: PakFile FullDirectoryIndexSize=140
[2022.02.16-23.38.50:786][  0]LogShaderLibrary: Display: ShaderCodeLibraryPakFileMountedCallback: PakFile 'C:/Epic Games/UE_4.27/FeaturePacks/TP_Rolling.upack' (chunk index -1, root 'root:/') mounted
[2022.02.16-23.38.50:786][  0]LogShaderLibrary: Display: ShaderCodeLibraryPakFileMountedCallback: pending pak file info (ChunkID:-1 Root:root:/ File:C:/Epic Games/UE_4.27/FeaturePacks/TP_Rolling.upack)
[2022.02.16-23.38.50:786][  0]LogPakFile: OnPakFileMounted2Time == 0.000028
[2022.02.16-23.38.50:787][  0]LogPakFile: PakFile PrimaryIndexSize=185
[2022.02.16-23.38.50:787][  0]LogPakFile: PakFile PathHashIndexSize=101
[2022.02.16-23.38.50:787][  0]LogPakFile: PakFile FullDirectoryIndexSize=144
[2022.02.16-23.38.50:787][  0]LogShaderLibrary: Display: ShaderCodeLibraryPakFileMountedCallback: PakFile 'C:/Epic Games/UE_4.27/FeaturePacks/TP_RollingBP.upack' (chunk index -1, root 'root:/') mounted
[2022.02.16-23.38.50:787][  0]LogShaderLibrary: Display: ShaderCodeLibraryPakFileMountedCallback: pending pak file info (ChunkID:-1 Root:root:/ File:C:/Epic Games/UE_4.27/FeaturePacks/TP_RollingBP.upack)
[2022.02.16-23.38.50:787][  0]LogPakFile: OnPakFileMounted2Time == 0.000027
[2022.02.16-23.38.50:787][  0]LogPakFile: PakFile PrimaryIndexSize=188
[2022.02.16-23.38.50:787][  0]LogPakFile: PakFile PathHashIndexSize=101
[2022.02.16-23.38.50:787][  0]LogPakFile: PakFile FullDirectoryIndexSize=150
[2022.02.16-23.38.50:787][  0]LogShaderLibrary: Display: ShaderCodeLibraryPakFileMountedCallback: PakFile 'C:/Epic Games/UE_4.27/FeaturePacks/TP_SideScroller.upack' (chunk index -1, root 'root:/') mounted
[2022.02.16-23.38.50:787][  0]LogShaderLibrary: Display: ShaderCodeLibraryPakFileMountedCallback: pending pak file info (ChunkID:-1 Root:root:/ File:C:/Epic Games/UE_4.27/FeaturePacks/TP_SideScroller.upack)
[2022.02.16-23.38.50:787][  0]LogPakFile: OnPakFileMounted2Time == 0.000030
[2022.02.16-23.38.50:788][  0]LogPakFile: PakFile PrimaryIndexSize=190
[2022.02.16-23.38.50:788][  0]LogPakFile: PakFile PathHashIndexSize=101
[2022.02.16-23.38.50:788][  0]LogPakFile: PakFile FullDirectoryIndexSize=154
[2022.02.16-23.38.50:788][  0]LogShaderLibrary: Display: ShaderCodeLibraryPakFileMountedCallback: PakFile 'C:/Epic Games/UE_4.27/FeaturePacks/TP_SideScrollerBP.upack' (chunk index -1, root 'root:/') mounted
[2022.02.16-23.38.50:788][  0]LogShaderLibrary: Display: ShaderCodeLibraryPakFileMountedCallback: pending pak file info (ChunkID:-1 Root:root:/ File:C:/Epic Games/UE_4.27/FeaturePacks/TP_SideScrollerBP.upack)
[2022.02.16-23.38.50:788][  0]LogPakFile: OnPakFileMounted2Time == 0.000036
[2022.02.16-23.38.50:788][  0]LogPakFile: PakFile PrimaryIndexSize=187
[2022.02.16-23.38.50:788][  0]LogPakFile: PakFile PathHashIndexSize=101
[2022.02.16-23.38.50:788][  0]LogPakFile: PakFile FullDirectoryIndexSize=148
[2022.02.16-23.38.50:788][  0]LogShaderLibrary: Display: ShaderCodeLibraryPakFileMountedCallback: PakFile 'C:/Epic Games/UE_4.27/FeaturePacks/TP_ThirdPerson.upack' (chunk index -1, root 'root:/') mounted
[2022.02.16-23.38.50:788][  0]LogShaderLibrary: Display: ShaderCodeLibraryPakFileMountedCallback: pending pak file info (ChunkID:-1 Root:root:/ File:C:/Epic Games/UE_4.27/FeaturePacks/TP_ThirdPerson.upack)
[2022.02.16-23.38.50:788][  0]LogPakFile: OnPakFileMounted2Time == 0.000029
[2022.02.16-23.38.50:789][  0]LogPakFile: PakFile PrimaryIndexSize=189
[2022.02.16-23.38.50:789][  0]LogPakFile: PakFile PathHashIndexSize=101
[2022.02.16-23.38.50:789][  0]LogPakFile: PakFile FullDirectoryIndexSize=152
[2022.02.16-23.38.50:789][  0]LogShaderLibrary: Display: ShaderCodeLibraryPakFileMountedCallback: PakFile 'C:/Epic Games/UE_4.27/FeaturePacks/TP_ThirdPersonBP.upack' (chunk index -1, root 'root:/') mounted
[2022.02.16-23.38.50:789][  0]LogShaderLibrary: Display: ShaderCodeLibraryPakFileMountedCallback: pending pak file info (ChunkID:-1 Root:root:/ File:C:/Epic Games/UE_4.27/FeaturePacks/TP_ThirdPersonBP.upack)
[2022.02.16-23.38.50:789][  0]LogPakFile: OnPakFileMounted2Time == 0.000034
[2022.02.16-23.38.50:789][  0]LogPakFile: PakFile PrimaryIndexSize=183
[2022.02.16-23.38.50:789][  0]LogPakFile: PakFile PathHashIndexSize=101
[2022.02.16-23.38.50:789][  0]LogPakFile: PakFile FullDirectoryIndexSize=140
[2022.02.16-23.38.50:789][  0]LogShaderLibrary: Display: ShaderCodeLibraryPakFileMountedCallback: PakFile 'C:/Epic Games/UE_4.27/FeaturePacks/TP_TopDown.upack' (chunk index -1, root 'root:/') mounted
[2022.02.16-23.38.50:789][  0]LogShaderLibrary: Display: ShaderCodeLibraryPakFileMountedCallback: pending pak file info (ChunkID:-1 Root:root:/ File:C:/Epic Games/UE_4.27/FeaturePacks/TP_TopDown.upack)
[2022.02.16-23.38.50:789][  0]LogPakFile: OnPakFileMounted2Time == 0.000033
[2022.02.16-23.38.50:790][  0]LogPakFile: PakFile PrimaryIndexSize=185
[2022.02.16-23.38.50:790][  0]LogPakFile: PakFile PathHashIndexSize=101
[2022.02.16-23.38.50:790][  0]LogPakFile: PakFile FullDirectoryIndexSize=144
[2022.02.16-23.38.50:790][  0]LogShaderLibrary: Display: ShaderCodeLibraryPakFileMountedCallback: PakFile 'C:/Epic Games/UE_4.27/FeaturePacks/TP_TopDownBP.upack' (chunk index -1, root 'root:/') mounted
[2022.02.16-23.38.50:790][  0]LogShaderLibrary: Display: ShaderCodeLibraryPakFileMountedCallback: pending pak file info (ChunkID:-1 Root:root:/ File:C:/Epic Games/UE_4.27/FeaturePacks/TP_TopDownBP.upack)
[2022.02.16-23.38.50:790][  0]LogPakFile: OnPakFileMounted2Time == 0.000027
[2022.02.16-23.38.50:790][  0]LogPakFile: PakFile PrimaryIndexSize=185
[2022.02.16-23.38.50:790][  0]LogPakFile: PakFile PathHashIndexSize=101
[2022.02.16-23.38.50:790][  0]LogPakFile: PakFile FullDirectoryIndexSize=144
[2022.02.16-23.38.50:790][  0]LogShaderLibrary: Display: ShaderCodeLibraryPakFileMountedCallback: PakFile 'C:/Epic Games/UE_4.27/FeaturePacks/TP_TwinStick.upack' (chunk index -1, root 'root:/') mounted
[2022.02.16-23.38.50:790][  0]LogShaderLibrary: Display: ShaderCodeLibraryPakFileMountedCallback: pending pak file info (ChunkID:-1 Root:root:/ File:C:/Epic Games/UE_4.27/FeaturePacks/TP_TwinStick.upack)
[2022.02.16-23.38.50:790][  0]LogPakFile: OnPakFileMounted2Time == 0.000027
[2022.02.16-23.38.50:791][  0]LogPakFile: PakFile PrimaryIndexSize=187
[2022.02.16-23.38.50:791][  0]LogPakFile: PakFile PathHashIndexSize=101
[2022.02.16-23.38.50:791][  0]LogPakFile: PakFile FullDirectoryIndexSize=148
[2022.02.16-23.38.50:791][  0]LogShaderLibrary: Display: ShaderCodeLibraryPakFileMountedCallback: PakFile 'C:/Epic Games/UE_4.27/FeaturePacks/TP_TwinStickBP.upack' (chunk index -1, root 'root:/') mounted
[2022.02.16-23.38.50:791][  0]LogShaderLibrary: Display: ShaderCodeLibraryPakFileMountedCallback: pending pak file info (ChunkID:-1 Root:root:/ File:C:/Epic Games/UE_4.27/FeaturePacks/TP_TwinStickBP.upack)
[2022.02.16-23.38.50:791][  0]LogPakFile: OnPakFileMounted2Time == 0.000027
[2022.02.16-23.38.50:791][  0]LogPakFile: PakFile PrimaryIndexSize=183
[2022.02.16-23.38.50:791][  0]LogPakFile: PakFile PathHashIndexSize=101
[2022.02.16-23.38.50:791][  0]LogPakFile: PakFile FullDirectoryIndexSize=140
[2022.02.16-23.38.50:791][  0]LogShaderLibrary: Display: ShaderCodeLibraryPakFileMountedCallback: PakFile 'C:/Epic Games/UE_4.27/FeaturePacks/TP_Vehicle.upack' (chunk index -1, root 'root:/') mounted
[2022.02.16-23.38.50:791][  0]LogShaderLibrary: Display: ShaderCodeLibraryPakFileMountedCallback: pending pak file info (ChunkID:-1 Root:root:/ File:C:/Epic Games/UE_4.27/FeaturePacks/TP_Vehicle.upack)
[2022.02.16-23.38.50:791][  0]LogPakFile: OnPakFileMounted2Time == 0.000027
[2022.02.16-23.38.50:792][  0]LogPakFile: PakFile PrimaryIndexSize=186
[2022.02.16-23.38.50:792][  0]LogPakFile: PakFile PathHashIndexSize=101
[2022.02.16-23.38.50:792][  0]LogPakFile: PakFile FullDirectoryIndexSize=146
[2022.02.16-23.38.50:792][  0]LogShaderLibrary: Display: ShaderCodeLibraryPakFileMountedCallback: PakFile 'C:/Epic Games/UE_4.27/FeaturePacks/TP_VehicleAdv.upack' (chunk index -1, root 'root:/') mounted
[2022.02.16-23.38.50:792][  0]LogShaderLibrary: Display: ShaderCodeLibraryPakFileMountedCallback: pending pak file info (ChunkID:-1 Root:root:/ File:C:/Epic Games/UE_4.27/FeaturePacks/TP_VehicleAdv.upack)
[2022.02.16-23.38.50:792][  0]LogPakFile: OnPakFileMounted2Time == 0.000028
[2022.02.16-23.38.50:792][  0]LogPakFile: PakFile PrimaryIndexSize=188
[2022.02.16-23.38.50:792][  0]LogPakFile: PakFile PathHashIndexSize=101
[2022.02.16-23.38.50:792][  0]LogPakFile: PakFile FullDirectoryIndexSize=150
[2022.02.16-23.38.50:792][  0]LogShaderLibrary: Display: ShaderCodeLibraryPakFileMountedCallback: PakFile 'C:/Epic Games/UE_4.27/FeaturePacks/TP_VehicleAdvBP.upack' (chunk index -1, root 'root:/') mounted
[2022.02.16-23.38.50:792][  0]LogShaderLibrary: Display: ShaderCodeLibraryPakFileMountedCallback: pending pak file info (ChunkID:-1 Root:root:/ File:C:/Epic Games/UE_4.27/FeaturePacks/TP_VehicleAdvBP.upack)
[2022.02.16-23.38.50:792][  0]LogPakFile: OnPakFileMounted2Time == 0.000027
[2022.02.16-23.38.50:793][  0]LogPakFile: PakFile PrimaryIndexSize=185
[2022.02.16-23.38.50:793][  0]LogPakFile: PakFile PathHashIndexSize=101
[2022.02.16-23.38.50:793][  0]LogPakFile: PakFile FullDirectoryIndexSize=144
[2022.02.16-23.38.50:793][  0]LogShaderLibrary: Display: ShaderCodeLibraryPakFileMountedCallback: PakFile 'C:/Epic Games/UE_4.27/FeaturePacks/TP_VehicleBP.upack' (chunk index -1, root 'root:/') mounted
[2022.02.16-23.38.50:793][  0]LogShaderLibrary: Display: ShaderCodeLibraryPakFileMountedCallback: pending pak file info (ChunkID:-1 Root:root:/ File:C:/Epic Games/UE_4.27/FeaturePacks/TP_VehicleBP.upack)
[2022.02.16-23.38.50:793][  0]LogPakFile: OnPakFileMounted2Time == 0.000027
[2022.02.16-23.38.50:793][  0]LogPakFile: PakFile PrimaryIndexSize=192
[2022.02.16-23.38.50:793][  0]LogPakFile: PakFile PathHashIndexSize=101
[2022.02.16-23.38.50:793][  0]LogPakFile: PakFile FullDirectoryIndexSize=158
[2022.02.16-23.38.50:793][  0]LogShaderLibrary: Display: ShaderCodeLibraryPakFileMountedCallback: PakFile 'C:/Epic Games/UE_4.27/FeaturePacks/TP_VirtualRealityBP.upack' (chunk index -1, root 'root:/') mounted
[2022.02.16-23.38.50:793][  0]LogShaderLibrary: Display: ShaderCodeLibraryPakFileMountedCallback: pending pak file info (ChunkID:-1 Root:root:/ File:C:/Epic Games/UE_4.27/FeaturePacks/TP_VirtualRealityBP.upack)
[2022.02.16-23.38.50:793][  0]LogPakFile: OnPakFileMounted2Time == 0.000028
[2022.02.16-23.38.50:825][  0]LogNativeClassHierarchy: Verbose: Native class hierarchy updated for 'AddContentDialog' in 0.0003 seconds. Added 0 classes and 0 folders.
[2022.02.16-23.38.50:826][  0]LogNativeClassHierarchy: Verbose: Native class hierarchy updated for 'SceneOutliner' in 0.0002 seconds. Added 2 classes and 0 folders.
[2022.02.16-23.38.50:871][  0]LogSlate: Took 0.000164 seconds to synchronously load lazily loaded font '../../../Engine/Content/Slate/Fonts/Roboto-Regular.ttf' (155K)
[2022.02.16-23.38.50:872][  0]LogSlate: Took 0.000110 seconds to synchronously load lazily loaded font '../../../Engine/Content/Editor/Slate/Fonts/FontAwesome.ttf' (139K)
[2022.02.16-23.38.50:873][  0]LogSlate: Took 0.000112 seconds to synchronously load lazily loaded font '../../../Engine/Content/Slate/Fonts/Roboto-Bold.ttf' (160K)
[2022.02.16-23.38.50:945][  0]LogRenderer: Reallocating scene render targets to support 1208x572 Format 10 NumSamples 1 (Frame:1).
[2022.02.16-23.38.51:023][  0]LogNativeClassHierarchy: Verbose: Native class hierarchy updated for 'HierarchicalLODOutliner' in 0.0002 seconds. Added 0 classes and 0 folders.
[2022.02.16-23.38.51:023][  0]LogLoad: (Engine Initialization) Total time: 5.95 seconds
[2022.02.16-23.38.51:023][  0]LogLoad: (Engine Initialization) Total Blueprint compile time: 0.00 seconds
[2022.02.16-23.38.51:060][  0]LogAssetRegistry: Asset discovery search completed in 3.3251 seconds
[2022.02.16-23.38.51:064][  0]LogCollectionManager: Fixed up redirectors for 0 collections in 0.000003 seconds (updated 0 objects)
[2022.02.16-23.38.51:065][  0]LogContentStreaming: Texture pool size now 1000 MB
[2022.02.16-23.38.51:148][  7]LogSlate: Took 0.000134 seconds to synchronously load lazily loaded font '../../../Engine/Content/Slate/Fonts/Roboto-Light.ttf' (167K)
